<?xml version="1.0" encoding="UTF-8"?>
<!-- Generated by org.testng.reporters.JUnitXMLReporter -->
<testsuite hostname="DESKTOP-2T00449" ignored="0" name="Command line test" tests="46" failures="7" timestamp="28 Feb 2017 05:57:03 GMT" time="214.316" errors="0">
  <testcase name="Dynamic text (quote)" time="5.076" classname="core.AppTestTest">
    <failure type="java.lang.AssertionError" message="
Expected: &amp;quot; (9, 49)&amp;quot;
     but: was &amp;quot;(9, 49)&amp;quot;">
      <![CDATA[java.lang.AssertionError: 
Expected: " (9, 49)"
     but: was "(9, 49)"
	at org.hamcrest.MatcherAssert.assertThat(MatcherAssert.java:20)
	at org.hamcrest.MatcherAssert.assertThat(MatcherAssert.java:8)
	at core.AppTestTest.test(AppTestTest.java:69)
... Removed 34 stack frames]]>
    </failure>
  </testcase> <!-- Dynamic text (quote) -->
  <testcase name="Page title (Sing Up)" time="4.106" classname="core.AppTestTest"/>
  <testcase name="text (current location)" time="4.533" classname="core.AppTestTest"/>
  <testcase name="Image (weather icon)" time="4.788" classname="core.AppTestTest"/>
  <testcase name="Dynamic text (temperature)" time="4.237" classname="core.AppTestTest"/>
  <testcase name="Label (first name)" time="4.953" classname="core.AppTestTest"/>
  <testcase name="Field (first name)" time="4.804" classname="core.AppTestTest">
    <failure type="java.lang.AssertionError" message="
Expected: &amp;quot; (554, 183)&amp;quot;
     but: was &amp;quot;(554, 183)&amp;quot;">
      <![CDATA[java.lang.AssertionError: 
Expected: " (554, 183)"
     but: was "(554, 183)"
	at org.hamcrest.MatcherAssert.assertThat(MatcherAssert.java:20)
	at org.hamcrest.MatcherAssert.assertThat(MatcherAssert.java:8)
	at core.AppTestTest.test(AppTestTest.java:69)
... Removed 34 stack frames]]>
    </failure>
  </testcase> <!-- Field (first name) -->
  <testcase name="Label (last name)" time="4.522" classname="core.AppTestTest">
    <failure type="java.lang.AssertionError" message="
Expected: &amp;quot; (979, 153)&amp;quot;
     but: was &amp;quot;(979, 153)&amp;quot;">
      <![CDATA[java.lang.AssertionError: 
Expected: " (979, 153)"
     but: was "(979, 153)"
	at org.hamcrest.MatcherAssert.assertThat(MatcherAssert.java:20)
	at org.hamcrest.MatcherAssert.assertThat(MatcherAssert.java:8)
	at core.AppTestTest.test(AppTestTest.java:69)
... Removed 34 stack frames]]>
    </failure>
  </testcase> <!-- Label (last name) -->
  <testcase name="Field (last name)" time="4.926" classname="core.AppTestTest"/>
  <testcase name="Label (email address)" time="5.024" classname="core.AppTestTest"/>
  <testcase name="Field (email address)" time="4.582" classname="core.AppTestTest">
    <failure type="java.lang.AssertionError" message="
Expected: &amp;quot; (554, 263)&amp;quot;
     but: was &amp;quot;(554, 263)&amp;quot;">
      <![CDATA[java.lang.AssertionError: 
Expected: " (554, 263)"
     but: was "(554, 263)"
	at org.hamcrest.MatcherAssert.assertThat(MatcherAssert.java:20)
	at org.hamcrest.MatcherAssert.assertThat(MatcherAssert.java:8)
	at core.AppTestTest.test(AppTestTest.java:69)
... Removed 34 stack frames]]>
    </failure>
  </testcase> <!-- Field (email address) -->
  <testcase name="Label (phone number)" time="3.938" classname="core.AppTestTest"/>
  <testcase name="Field (phone number)" time="4.783" classname="core.AppTestTest"/>
  <testcase name="Label (radio male)" time="4.667" classname="core.AppTestTest">
    <failure type="java.lang.AssertionError" message="
Expected: &amp;quot; (606, 355)&amp;quot;
     but: was &amp;quot;(606, 355)&amp;quot;">
      <![CDATA[java.lang.AssertionError: 
Expected: " (606, 355)"
     but: was "(606, 355)"
	at org.hamcrest.MatcherAssert.assertThat(MatcherAssert.java:20)
	at org.hamcrest.MatcherAssert.assertThat(MatcherAssert.java:8)
	at core.AppTestTest.test(AppTestTest.java:69)
... Removed 34 stack frames]]>
    </failure>
  </testcase> <!-- Label (radio male) -->
  <testcase name="Radio Button (male)" time="4.571" classname="core.AppTestTest">
    <failure type="java.lang.AssertionError" message="
Expected: &amp;quot; (566, 354)&amp;quot;
     but: was &amp;quot;(566, 354)&amp;quot;">
      <![CDATA[java.lang.AssertionError: 
Expected: " (566, 354)"
     but: was "(566, 354)"
	at org.hamcrest.MatcherAssert.assertThat(MatcherAssert.java:20)
	at org.hamcrest.MatcherAssert.assertThat(MatcherAssert.java:8)
	at core.AppTestTest.test(AppTestTest.java:69)
... Removed 34 stack frames]]>
    </failure>
  </testcase> <!-- Radio Button (male) -->
  <testcase name="Label (radio female)" time="4.681" classname="core.AppTestTest"/>
  <testcase name="Radio Button (female)" time="4.158" classname="core.AppTestTest"/>
  <testcase name="Label (state)" time="4.626" classname="core.AppTestTest"/>
  <testcase name="Drop-down List (state)" time="5.421" classname="core.AppTestTest"/>
  <testcase name="Label (I agree to the Terms)" time="5.298" classname="core.AppTestTest"/>
  <testcase name="Checkbox (terms)" time="4.53" classname="core.AppTestTest"/>
  <testcase name="Image (facebook)" time="4.642" classname="core.AppTestTest"/>
  <testcase name="Image (twitter)" time="4.117" classname="core.AppTestTest"/>
  <testcase name="Image (flickr)" time="4.636" classname="core.AppTestTest"/>
  <testcase name="Image (youtube)" time="4.538" classname="core.AppTestTest"/>
  <testcase name="Button (Reset)" time="4.022" classname="core.AppTestTest"/>
  <testcase name="Button (Submit)" time="4.555" classname="core.AppTestTest"/>
  <testcase name="Dynamic text (today?s date)" time="5.213" classname="core.AppTestTest"/>
  <testcase name="Dynamic text (copyright)" time="5.33" classname="core.AppTestTest"/>
  <testcase name="Dynamic text (os &amp; browser)" time="4.781" classname="core.AppTestTest">
    <failure type="java.lang.AssertionError" message="
Expected: &amp;quot; (1075, 551)&amp;quot;
     but: was &amp;quot;(1075, 551)&amp;quot;">
      <![CDATA[java.lang.AssertionError: 
Expected: " (1075, 551)"
     but: was "(1075, 551)"
	at org.hamcrest.MatcherAssert.assertThat(MatcherAssert.java:20)
	at org.hamcrest.MatcherAssert.assertThat(MatcherAssert.java:8)
	at core.AppTestTest.test(AppTestTest.java:69)
... Removed 33 stack frames]]>
    </failure>
  </testcase> <!-- Dynamic text (os & browser) -->
  <testcase name="Page title (Confirmation)" time="4.818" classname="core.AppTestTest"/>
  <testcase name="Confirmation Label (first name)" time="4.428" classname="core.AppTestTest"/>
  <testcase name="Confirmation Field (first name)" time="5.094" classname="core.AppTestTest"/>
  <testcase name="Confirmation Label (last name)" time="5.056" classname="core.AppTestTest"/>
  <testcase name="Confirmation Field (last name)" time="4.236" classname="core.AppTestTest"/>
  <testcase name="Confirmation Label (email address)" time="4.373" classname="core.AppTestTest"/>
  <testcase name="Confirmation Field (email address)" time="4.446" classname="core.AppTestTest"/>
  <testcase name="Confirmation Label (phone number)" time="4.491" classname="core.AppTestTest"/>
  <testcase name="Confirmation Field (phone number)" time="4.318" classname="core.AppTestTest"/>
  <testcase name="Confirmation Label (gender)" time="4.242" classname="core.AppTestTest"/>
  <testcase name="Confirmation Field (gender)" time="3.891" classname="core.AppTestTest"/>
  <testcase name="Confirmation Label (state)" time="3.857" classname="core.AppTestTest"/>
  <testcase name="Confirmation Field (state)" time="4.352" classname="core.AppTestTest"/>
  <testcase name="Confirmation Label (Terms?)" time="4.579" classname="core.AppTestTest"/>
  <testcase name="Confirmation Field (terms)" time="4.058" classname="core.AppTestTest"/>
  <testcase name="Confirmation Button (Back)" time="4.315" classname="core.AppTestTest"/>
</testsuite> <!-- Command line test -->
