<html>
<head>
<title>TestNG:  Command line test</title>
<link href="../testng.css" rel="stylesheet" type="text/css" />
<link href="../my-testng.css" rel="stylesheet" type="text/css" />

<style type="text/css">
.log { display: none;} 
.stack-trace { display: none;} 
</style>
<script type="text/javascript">
<!--
function flip(e) {
  current = e.style.display;
  if (current == 'block') {
    e.style.display = 'none';
    return 0;
  }
  else {
    e.style.display = 'block';
    return 1;
  }
}

function toggleBox(szDivId, elem, msg1, msg2)
{
  var res = -1;  if (document.getElementById) {
    res = flip(document.getElementById(szDivId));
  }
  else if (document.all) {
    // this is the way old msie versions work
    res = flip(document.all[szDivId]);
  }
  if(elem) {
    if(res == 0) elem.innerHTML = msg1; else elem.innerHTML = msg2;
  }

}

function toggleAllBoxes() {
  if (document.getElementsByTagName) {
    d = document.getElementsByTagName('div');
    for (i = 0; i < d.length; i++) {
      if (d[i].className == 'log') {
        flip(d[i]);
      }
    }
  }
}

// -->
</script>

</head>
<body>
<h2 align='center'>Command line test</h2><table border='1' align="center">
<tr>
<td>Tests passed/Failed/Skipped:</td><td>39/7/0</td>
</tr><tr>
<td>Started on:</td><td>Mon Feb 27 21:53:29 PST 2017</td>
</tr>
<tr><td>Total time:</td><td>214 seconds (214316 ms)</td>
</tr><tr>
<td>Included groups:</td><td></td>
</tr><tr>
<td>Excluded groups:</td><td></td>
</tr>
</table><p/>
<small><i>(Hover the method name to see the test class name)</i></small><p/>
<table width='100%' border='1' class='invocation-failed'>
<tr><td colspan='4' align='center'><b>FAILED TESTS</b></td></tr>
<tr><td><b>Test method</b></td>
<td width="30%"><b>Exception</b></td>
<td width="10%"><b>Time (seconds)</b></td>
<td><b>Instance</b></td>
</tr>
<tr>
<td title='core.AppTestTest.test()'><b>test</b><br>Test class: core.AppTestTest (Confirmation Button (Back))<br>Parameters: Dynamic text (quote), index.php, id_quotes, (1901, 20),  (9, 49)</td>
<td><div><pre>java.lang.AssertionError: 
Expected: &quot; (9, 49)&quot;
     but: was &quot;(9, 49)&quot;
	at org.hamcrest.MatcherAssert.assertThat(MatcherAssert.java:20)
	at org.hamcrest.MatcherAssert.assertThat(MatcherAssert.java:8)
	at core.AppTestTest.test(AppTestTest.java:69)
... Removed 34 stack frames</pre></div><a href='#' onClick='toggleBox("stack-trace1383178166", this, "Click to show all stack frames", "Click to hide stack frames")'>Click to show all stack frames</a>
<div class='stack-trace' id='stack-trace1383178166'><pre>java.lang.AssertionError: 
Expected: &quot; (9, 49)&quot;
     but: was &quot;(9, 49)&quot;
	at org.hamcrest.MatcherAssert.assertThat(MatcherAssert.java:20)
	at org.hamcrest.MatcherAssert.assertThat(MatcherAssert.java:8)
	at core.AppTestTest.test(AppTestTest.java:69)
	at sun.reflect.NativeMethodAccessorImpl.invoke0(Native Method)
	at sun.reflect.NativeMethodAccessorImpl.invoke(NativeMethodAccessorImpl.java:62)
	at sun.reflect.DelegatingMethodAccessorImpl.invoke(DelegatingMethodAccessorImpl.java:43)
	at java.lang.reflect.Method.invoke(Method.java:498)
	at org.testng.internal.MethodInvocationHelper.invokeMethod(MethodInvocationHelper.java:104)
	at org.testng.internal.Invoker.invokeMethod(Invoker.java:645)
	at org.testng.internal.Invoker.invokeTestMethod(Invoker.java:851)
	at org.testng.internal.Invoker.invokeTestMethods(Invoker.java:1177)
	at org.testng.internal.TestMethodWorker.invokeTestMethods(TestMethodWorker.java:129)
	at org.testng.internal.TestMethodWorker.run(TestMethodWorker.java:112)
	at org.testng.TestRunner.privateRun(TestRunner.java:756)
	at org.testng.TestRunner.run(TestRunner.java:610)
	at org.testng.SuiteRunner.runTest(SuiteRunner.java:387)
	at org.testng.SuiteRunner.runSequentially(SuiteRunner.java:382)
	at org.testng.SuiteRunner.privateRun(SuiteRunner.java:340)
	at org.testng.SuiteRunner.run(SuiteRunner.java:289)
	at org.testng.SuiteRunnerWorker.runSuite(SuiteRunnerWorker.java:52)
	at org.testng.SuiteRunnerWorker.run(SuiteRunnerWorker.java:86)
	at org.testng.TestNG.runSuitesSequentially(TestNG.java:1293)
	at org.testng.TestNG.runSuitesLocally(TestNG.java:1218)
	at org.testng.TestNG.runSuites(TestNG.java:1133)
	at org.testng.TestNG.run(TestNG.java:1104)
	at org.apache.maven.surefire.testng.TestNGExecutor.run(TestNGExecutor.java:77)
	at org.apache.maven.surefire.testng.TestNGDirectoryTestSuite.execute(TestNGDirectoryTestSuite.java:110)
	at org.apache.maven.surefire.testng.TestNGProvider.invoke(TestNGProvider.java:106)
	at sun.reflect.NativeMethodAccessorImpl.invoke0(Native Method)
	at sun.reflect.NativeMethodAccessorImpl.invoke(NativeMethodAccessorImpl.java:62)
	at sun.reflect.DelegatingMethodAccessorImpl.invoke(DelegatingMethodAccessorImpl.java:43)
	at java.lang.reflect.Method.invoke(Method.java:498)
	at org.apache.maven.surefire.util.ReflectionUtils.invokeMethodWithArray(ReflectionUtils.java:189)
	at org.apache.maven.surefire.booter.ProviderFactory$ProviderProxy.invoke(ProviderFactory.java:165)
	at org.apache.maven.surefire.booter.ProviderFactory.invokeProvider(ProviderFactory.java:85)
	at org.apache.maven.surefire.booter.ForkedBooter.runSuitesInProcess(ForkedBooter.java:115)
	at org.apache.maven.surefire.booter.ForkedBooter.main(ForkedBooter.java:75)
</pre></div></td>
<td>5</td>
<td>core.AppTestTest@6ea12c19</td></tr>
<tr>
<td title='core.AppTestTest.test()'><b>test</b><br>Test class: core.AppTestTest (Confirmation Button (Back))<br>Parameters: Field (first name), index.php, id_fname, (386, 43),  (554, 183)</td>
<td><div><pre>java.lang.AssertionError: 
Expected: &quot; (554, 183)&quot;
     but: was &quot;(554, 183)&quot;
	at org.hamcrest.MatcherAssert.assertThat(MatcherAssert.java:20)
	at org.hamcrest.MatcherAssert.assertThat(MatcherAssert.java:8)
	at core.AppTestTest.test(AppTestTest.java:69)
... Removed 34 stack frames</pre></div><a href='#' onClick='toggleBox("stack-trace45023307", this, "Click to show all stack frames", "Click to hide stack frames")'>Click to show all stack frames</a>
<div class='stack-trace' id='stack-trace45023307'><pre>java.lang.AssertionError: 
Expected: &quot; (554, 183)&quot;
     but: was &quot;(554, 183)&quot;
	at org.hamcrest.MatcherAssert.assertThat(MatcherAssert.java:20)
	at org.hamcrest.MatcherAssert.assertThat(MatcherAssert.java:8)
	at core.AppTestTest.test(AppTestTest.java:69)
	at sun.reflect.NativeMethodAccessorImpl.invoke0(Native Method)
	at sun.reflect.NativeMethodAccessorImpl.invoke(NativeMethodAccessorImpl.java:62)
	at sun.reflect.DelegatingMethodAccessorImpl.invoke(DelegatingMethodAccessorImpl.java:43)
	at java.lang.reflect.Method.invoke(Method.java:498)
	at org.testng.internal.MethodInvocationHelper.invokeMethod(MethodInvocationHelper.java:104)
	at org.testng.internal.Invoker.invokeMethod(Invoker.java:645)
	at org.testng.internal.Invoker.invokeTestMethod(Invoker.java:851)
	at org.testng.internal.Invoker.invokeTestMethods(Invoker.java:1177)
	at org.testng.internal.TestMethodWorker.invokeTestMethods(TestMethodWorker.java:129)
	at org.testng.internal.TestMethodWorker.run(TestMethodWorker.java:112)
	at org.testng.TestRunner.privateRun(TestRunner.java:756)
	at org.testng.TestRunner.run(TestRunner.java:610)
	at org.testng.SuiteRunner.runTest(SuiteRunner.java:387)
	at org.testng.SuiteRunner.runSequentially(SuiteRunner.java:382)
	at org.testng.SuiteRunner.privateRun(SuiteRunner.java:340)
	at org.testng.SuiteRunner.run(SuiteRunner.java:289)
	at org.testng.SuiteRunnerWorker.runSuite(SuiteRunnerWorker.java:52)
	at org.testng.SuiteRunnerWorker.run(SuiteRunnerWorker.java:86)
	at org.testng.TestNG.runSuitesSequentially(TestNG.java:1293)
	at org.testng.TestNG.runSuitesLocally(TestNG.java:1218)
	at org.testng.TestNG.runSuites(TestNG.java:1133)
	at org.testng.TestNG.run(TestNG.java:1104)
	at org.apache.maven.surefire.testng.TestNGExecutor.run(TestNGExecutor.java:77)
	at org.apache.maven.surefire.testng.TestNGDirectoryTestSuite.execute(TestNGDirectoryTestSuite.java:110)
	at org.apache.maven.surefire.testng.TestNGProvider.invoke(TestNGProvider.java:106)
	at sun.reflect.NativeMethodAccessorImpl.invoke0(Native Method)
	at sun.reflect.NativeMethodAccessorImpl.invoke(NativeMethodAccessorImpl.java:62)
	at sun.reflect.DelegatingMethodAccessorImpl.invoke(DelegatingMethodAccessorImpl.java:43)
	at java.lang.reflect.Method.invoke(Method.java:498)
	at org.apache.maven.surefire.util.ReflectionUtils.invokeMethodWithArray(ReflectionUtils.java:189)
	at org.apache.maven.surefire.booter.ProviderFactory$ProviderProxy.invoke(ProviderFactory.java:165)
	at org.apache.maven.surefire.booter.ProviderFactory.invokeProvider(ProviderFactory.java:85)
	at org.apache.maven.surefire.booter.ForkedBooter.runSuitesInProcess(ForkedBooter.java:115)
	at org.apache.maven.surefire.booter.ForkedBooter.main(ForkedBooter.java:75)
</pre></div></td>
<td>4</td>
<td>core.AppTestTest@6ea12c19</td></tr>
<tr>
<td title='core.AppTestTest.test()'><b>test</b><br>Test class: core.AppTestTest (Confirmation Button (Back))<br>Parameters: Label (last name), index.php, id_f_label_ln, (103, 24),  (979, 153)</td>
<td><div><pre>java.lang.AssertionError: 
Expected: &quot; (979, 153)&quot;
     but: was &quot;(979, 153)&quot;
	at org.hamcrest.MatcherAssert.assertThat(MatcherAssert.java:20)
	at org.hamcrest.MatcherAssert.assertThat(MatcherAssert.java:8)
	at core.AppTestTest.test(AppTestTest.java:69)
... Removed 34 stack frames</pre></div><a href='#' onClick='toggleBox("stack-trace540325452", this, "Click to show all stack frames", "Click to hide stack frames")'>Click to show all stack frames</a>
<div class='stack-trace' id='stack-trace540325452'><pre>java.lang.AssertionError: 
Expected: &quot; (979, 153)&quot;
     but: was &quot;(979, 153)&quot;
	at org.hamcrest.MatcherAssert.assertThat(MatcherAssert.java:20)
	at org.hamcrest.MatcherAssert.assertThat(MatcherAssert.java:8)
	at core.AppTestTest.test(AppTestTest.java:69)
	at sun.reflect.NativeMethodAccessorImpl.invoke0(Native Method)
	at sun.reflect.NativeMethodAccessorImpl.invoke(NativeMethodAccessorImpl.java:62)
	at sun.reflect.DelegatingMethodAccessorImpl.invoke(DelegatingMethodAccessorImpl.java:43)
	at java.lang.reflect.Method.invoke(Method.java:498)
	at org.testng.internal.MethodInvocationHelper.invokeMethod(MethodInvocationHelper.java:104)
	at org.testng.internal.Invoker.invokeMethod(Invoker.java:645)
	at org.testng.internal.Invoker.invokeTestMethod(Invoker.java:851)
	at org.testng.internal.Invoker.invokeTestMethods(Invoker.java:1177)
	at org.testng.internal.TestMethodWorker.invokeTestMethods(TestMethodWorker.java:129)
	at org.testng.internal.TestMethodWorker.run(TestMethodWorker.java:112)
	at org.testng.TestRunner.privateRun(TestRunner.java:756)
	at org.testng.TestRunner.run(TestRunner.java:610)
	at org.testng.SuiteRunner.runTest(SuiteRunner.java:387)
	at org.testng.SuiteRunner.runSequentially(SuiteRunner.java:382)
	at org.testng.SuiteRunner.privateRun(SuiteRunner.java:340)
	at org.testng.SuiteRunner.run(SuiteRunner.java:289)
	at org.testng.SuiteRunnerWorker.runSuite(SuiteRunnerWorker.java:52)
	at org.testng.SuiteRunnerWorker.run(SuiteRunnerWorker.java:86)
	at org.testng.TestNG.runSuitesSequentially(TestNG.java:1293)
	at org.testng.TestNG.runSuitesLocally(TestNG.java:1218)
	at org.testng.TestNG.runSuites(TestNG.java:1133)
	at org.testng.TestNG.run(TestNG.java:1104)
	at org.apache.maven.surefire.testng.TestNGExecutor.run(TestNGExecutor.java:77)
	at org.apache.maven.surefire.testng.TestNGDirectoryTestSuite.execute(TestNGDirectoryTestSuite.java:110)
	at org.apache.maven.surefire.testng.TestNGProvider.invoke(TestNGProvider.java:106)
	at sun.reflect.NativeMethodAccessorImpl.invoke0(Native Method)
	at sun.reflect.NativeMethodAccessorImpl.invoke(NativeMethodAccessorImpl.java:62)
	at sun.reflect.DelegatingMethodAccessorImpl.invoke(DelegatingMethodAccessorImpl.java:43)
	at java.lang.reflect.Method.invoke(Method.java:498)
	at org.apache.maven.surefire.util.ReflectionUtils.invokeMethodWithArray(ReflectionUtils.java:189)
	at org.apache.maven.surefire.booter.ProviderFactory$ProviderProxy.invoke(ProviderFactory.java:165)
	at org.apache.maven.surefire.booter.ProviderFactory.invokeProvider(ProviderFactory.java:85)
	at org.apache.maven.surefire.booter.ForkedBooter.runSuitesInProcess(ForkedBooter.java:115)
	at org.apache.maven.surefire.booter.ForkedBooter.main(ForkedBooter.java:75)
</pre></div></td>
<td>4</td>
<td>core.AppTestTest@6ea12c19</td></tr>
<tr>
<td title='core.AppTestTest.test()'><b>test</b><br>Test class: core.AppTestTest (Confirmation Button (Back))<br>Parameters: Field (email address), index.php, id_email, (386, 43),  (554, 263)</td>
<td><div><pre>java.lang.AssertionError: 
Expected: &quot; (554, 263)&quot;
     but: was &quot;(554, 263)&quot;
	at org.hamcrest.MatcherAssert.assertThat(MatcherAssert.java:20)
	at org.hamcrest.MatcherAssert.assertThat(MatcherAssert.java:8)
	at core.AppTestTest.test(AppTestTest.java:69)
... Removed 34 stack frames</pre></div><a href='#' onClick='toggleBox("stack-trace95396809", this, "Click to show all stack frames", "Click to hide stack frames")'>Click to show all stack frames</a>
<div class='stack-trace' id='stack-trace95396809'><pre>java.lang.AssertionError: 
Expected: &quot; (554, 263)&quot;
     but: was &quot;(554, 263)&quot;
	at org.hamcrest.MatcherAssert.assertThat(MatcherAssert.java:20)
	at org.hamcrest.MatcherAssert.assertThat(MatcherAssert.java:8)
	at core.AppTestTest.test(AppTestTest.java:69)
	at sun.reflect.NativeMethodAccessorImpl.invoke0(Native Method)
	at sun.reflect.NativeMethodAccessorImpl.invoke(NativeMethodAccessorImpl.java:62)
	at sun.reflect.DelegatingMethodAccessorImpl.invoke(DelegatingMethodAccessorImpl.java:43)
	at java.lang.reflect.Method.invoke(Method.java:498)
	at org.testng.internal.MethodInvocationHelper.invokeMethod(MethodInvocationHelper.java:104)
	at org.testng.internal.Invoker.invokeMethod(Invoker.java:645)
	at org.testng.internal.Invoker.invokeTestMethod(Invoker.java:851)
	at org.testng.internal.Invoker.invokeTestMethods(Invoker.java:1177)
	at org.testng.internal.TestMethodWorker.invokeTestMethods(TestMethodWorker.java:129)
	at org.testng.internal.TestMethodWorker.run(TestMethodWorker.java:112)
	at org.testng.TestRunner.privateRun(TestRunner.java:756)
	at org.testng.TestRunner.run(TestRunner.java:610)
	at org.testng.SuiteRunner.runTest(SuiteRunner.java:387)
	at org.testng.SuiteRunner.runSequentially(SuiteRunner.java:382)
	at org.testng.SuiteRunner.privateRun(SuiteRunner.java:340)
	at org.testng.SuiteRunner.run(SuiteRunner.java:289)
	at org.testng.SuiteRunnerWorker.runSuite(SuiteRunnerWorker.java:52)
	at org.testng.SuiteRunnerWorker.run(SuiteRunnerWorker.java:86)
	at org.testng.TestNG.runSuitesSequentially(TestNG.java:1293)
	at org.testng.TestNG.runSuitesLocally(TestNG.java:1218)
	at org.testng.TestNG.runSuites(TestNG.java:1133)
	at org.testng.TestNG.run(TestNG.java:1104)
	at org.apache.maven.surefire.testng.TestNGExecutor.run(TestNGExecutor.java:77)
	at org.apache.maven.surefire.testng.TestNGDirectoryTestSuite.execute(TestNGDirectoryTestSuite.java:110)
	at org.apache.maven.surefire.testng.TestNGProvider.invoke(TestNGProvider.java:106)
	at sun.reflect.NativeMethodAccessorImpl.invoke0(Native Method)
	at sun.reflect.NativeMethodAccessorImpl.invoke(NativeMethodAccessorImpl.java:62)
	at sun.reflect.DelegatingMethodAccessorImpl.invoke(DelegatingMethodAccessorImpl.java:43)
	at java.lang.reflect.Method.invoke(Method.java:498)
	at org.apache.maven.surefire.util.ReflectionUtils.invokeMethodWithArray(ReflectionUtils.java:189)
	at org.apache.maven.surefire.booter.ProviderFactory$ProviderProxy.invoke(ProviderFactory.java:165)
	at org.apache.maven.surefire.booter.ProviderFactory.invokeProvider(ProviderFactory.java:85)
	at org.apache.maven.surefire.booter.ForkedBooter.runSuitesInProcess(ForkedBooter.java:115)
	at org.apache.maven.surefire.booter.ForkedBooter.main(ForkedBooter.java:75)
</pre></div></td>
<td>4</td>
<td>core.AppTestTest@6ea12c19</td></tr>
<tr>
<td title='core.AppTestTest.test()'><b>test</b><br>Test class: core.AppTestTest (Confirmation Button (Back))<br>Parameters: Label (radio male), index.php, id_r_label_m, (44, 22),  (606, 355)</td>
<td><div><pre>java.lang.AssertionError: 
Expected: &quot; (606, 355)&quot;
     but: was &quot;(606, 355)&quot;
	at org.hamcrest.MatcherAssert.assertThat(MatcherAssert.java:20)
	at org.hamcrest.MatcherAssert.assertThat(MatcherAssert.java:8)
	at core.AppTestTest.test(AppTestTest.java:69)
... Removed 34 stack frames</pre></div><a href='#' onClick='toggleBox("stack-trace1681920301", this, "Click to show all stack frames", "Click to hide stack frames")'>Click to show all stack frames</a>
<div class='stack-trace' id='stack-trace1681920301'><pre>java.lang.AssertionError: 
Expected: &quot; (606, 355)&quot;
     but: was &quot;(606, 355)&quot;
	at org.hamcrest.MatcherAssert.assertThat(MatcherAssert.java:20)
	at org.hamcrest.MatcherAssert.assertThat(MatcherAssert.java:8)
	at core.AppTestTest.test(AppTestTest.java:69)
	at sun.reflect.NativeMethodAccessorImpl.invoke0(Native Method)
	at sun.reflect.NativeMethodAccessorImpl.invoke(NativeMethodAccessorImpl.java:62)
	at sun.reflect.DelegatingMethodAccessorImpl.invoke(DelegatingMethodAccessorImpl.java:43)
	at java.lang.reflect.Method.invoke(Method.java:498)
	at org.testng.internal.MethodInvocationHelper.invokeMethod(MethodInvocationHelper.java:104)
	at org.testng.internal.Invoker.invokeMethod(Invoker.java:645)
	at org.testng.internal.Invoker.invokeTestMethod(Invoker.java:851)
	at org.testng.internal.Invoker.invokeTestMethods(Invoker.java:1177)
	at org.testng.internal.TestMethodWorker.invokeTestMethods(TestMethodWorker.java:129)
	at org.testng.internal.TestMethodWorker.run(TestMethodWorker.java:112)
	at org.testng.TestRunner.privateRun(TestRunner.java:756)
	at org.testng.TestRunner.run(TestRunner.java:610)
	at org.testng.SuiteRunner.runTest(SuiteRunner.java:387)
	at org.testng.SuiteRunner.runSequentially(SuiteRunner.java:382)
	at org.testng.SuiteRunner.privateRun(SuiteRunner.java:340)
	at org.testng.SuiteRunner.run(SuiteRunner.java:289)
	at org.testng.SuiteRunnerWorker.runSuite(SuiteRunnerWorker.java:52)
	at org.testng.SuiteRunnerWorker.run(SuiteRunnerWorker.java:86)
	at org.testng.TestNG.runSuitesSequentially(TestNG.java:1293)
	at org.testng.TestNG.runSuitesLocally(TestNG.java:1218)
	at org.testng.TestNG.runSuites(TestNG.java:1133)
	at org.testng.TestNG.run(TestNG.java:1104)
	at org.apache.maven.surefire.testng.TestNGExecutor.run(TestNGExecutor.java:77)
	at org.apache.maven.surefire.testng.TestNGDirectoryTestSuite.execute(TestNGDirectoryTestSuite.java:110)
	at org.apache.maven.surefire.testng.TestNGProvider.invoke(TestNGProvider.java:106)
	at sun.reflect.NativeMethodAccessorImpl.invoke0(Native Method)
	at sun.reflect.NativeMethodAccessorImpl.invoke(NativeMethodAccessorImpl.java:62)
	at sun.reflect.DelegatingMethodAccessorImpl.invoke(DelegatingMethodAccessorImpl.java:43)
	at java.lang.reflect.Method.invoke(Method.java:498)
	at org.apache.maven.surefire.util.ReflectionUtils.invokeMethodWithArray(ReflectionUtils.java:189)
	at org.apache.maven.surefire.booter.ProviderFactory$ProviderProxy.invoke(ProviderFactory.java:165)
	at org.apache.maven.surefire.booter.ProviderFactory.invokeProvider(ProviderFactory.java:85)
	at org.apache.maven.surefire.booter.ForkedBooter.runSuitesInProcess(ForkedBooter.java:115)
	at org.apache.maven.surefire.booter.ForkedBooter.main(ForkedBooter.java:75)
</pre></div></td>
<td>4</td>
<td>core.AppTestTest@6ea12c19</td></tr>
<tr>
<td title='core.AppTestTest.test()'><b>test</b><br>Test class: core.AppTestTest (Confirmation Button (Back))<br>Parameters: Radio Button (male), index.php, id_g_radio_01, (26, 26),  (566, 354)</td>
<td><div><pre>java.lang.AssertionError: 
Expected: &quot; (566, 354)&quot;
     but: was &quot;(566, 354)&quot;
	at org.hamcrest.MatcherAssert.assertThat(MatcherAssert.java:20)
	at org.hamcrest.MatcherAssert.assertThat(MatcherAssert.java:8)
	at core.AppTestTest.test(AppTestTest.java:69)
... Removed 34 stack frames</pre></div><a href='#' onClick='toggleBox("stack-trace1231799381", this, "Click to show all stack frames", "Click to hide stack frames")'>Click to show all stack frames</a>
<div class='stack-trace' id='stack-trace1231799381'><pre>java.lang.AssertionError: 
Expected: &quot; (566, 354)&quot;
     but: was &quot;(566, 354)&quot;
	at org.hamcrest.MatcherAssert.assertThat(MatcherAssert.java:20)
	at org.hamcrest.MatcherAssert.assertThat(MatcherAssert.java:8)
	at core.AppTestTest.test(AppTestTest.java:69)
	at sun.reflect.NativeMethodAccessorImpl.invoke0(Native Method)
	at sun.reflect.NativeMethodAccessorImpl.invoke(NativeMethodAccessorImpl.java:62)
	at sun.reflect.DelegatingMethodAccessorImpl.invoke(DelegatingMethodAccessorImpl.java:43)
	at java.lang.reflect.Method.invoke(Method.java:498)
	at org.testng.internal.MethodInvocationHelper.invokeMethod(MethodInvocationHelper.java:104)
	at org.testng.internal.Invoker.invokeMethod(Invoker.java:645)
	at org.testng.internal.Invoker.invokeTestMethod(Invoker.java:851)
	at org.testng.internal.Invoker.invokeTestMethods(Invoker.java:1177)
	at org.testng.internal.TestMethodWorker.invokeTestMethods(TestMethodWorker.java:129)
	at org.testng.internal.TestMethodWorker.run(TestMethodWorker.java:112)
	at org.testng.TestRunner.privateRun(TestRunner.java:756)
	at org.testng.TestRunner.run(TestRunner.java:610)
	at org.testng.SuiteRunner.runTest(SuiteRunner.java:387)
	at org.testng.SuiteRunner.runSequentially(SuiteRunner.java:382)
	at org.testng.SuiteRunner.privateRun(SuiteRunner.java:340)
	at org.testng.SuiteRunner.run(SuiteRunner.java:289)
	at org.testng.SuiteRunnerWorker.runSuite(SuiteRunnerWorker.java:52)
	at org.testng.SuiteRunnerWorker.run(SuiteRunnerWorker.java:86)
	at org.testng.TestNG.runSuitesSequentially(TestNG.java:1293)
	at org.testng.TestNG.runSuitesLocally(TestNG.java:1218)
	at org.testng.TestNG.runSuites(TestNG.java:1133)
	at org.testng.TestNG.run(TestNG.java:1104)
	at org.apache.maven.surefire.testng.TestNGExecutor.run(TestNGExecutor.java:77)
	at org.apache.maven.surefire.testng.TestNGDirectoryTestSuite.execute(TestNGDirectoryTestSuite.java:110)
	at org.apache.maven.surefire.testng.TestNGProvider.invoke(TestNGProvider.java:106)
	at sun.reflect.NativeMethodAccessorImpl.invoke0(Native Method)
	at sun.reflect.NativeMethodAccessorImpl.invoke(NativeMethodAccessorImpl.java:62)
	at sun.reflect.DelegatingMethodAccessorImpl.invoke(DelegatingMethodAccessorImpl.java:43)
	at java.lang.reflect.Method.invoke(Method.java:498)
	at org.apache.maven.surefire.util.ReflectionUtils.invokeMethodWithArray(ReflectionUtils.java:189)
	at org.apache.maven.surefire.booter.ProviderFactory$ProviderProxy.invoke(ProviderFactory.java:165)
	at org.apache.maven.surefire.booter.ProviderFactory.invokeProvider(ProviderFactory.java:85)
	at org.apache.maven.surefire.booter.ForkedBooter.runSuitesInProcess(ForkedBooter.java:115)
	at org.apache.maven.surefire.booter.ForkedBooter.main(ForkedBooter.java:75)
</pre></div></td>
<td>4</td>
<td>core.AppTestTest@6ea12c19</td></tr>
<tr>
<td title='core.AppTestTest.test()'><b>test</b><br>Test class: core.AppTestTest (Confirmation Button (Back))<br>Parameters: Dynamic text (os & browser), index.php, os_browser, (310, 24),  (1075, 551)</td>
<td><div><pre>java.lang.AssertionError: 
Expected: &quot; (1075, 551)&quot;
     but: was &quot;(1075, 551)&quot;
	at org.hamcrest.MatcherAssert.assertThat(MatcherAssert.java:20)
	at org.hamcrest.MatcherAssert.assertThat(MatcherAssert.java:8)
	at core.AppTestTest.test(AppTestTest.java:69)
... Removed 33 stack frames</pre></div><a href='#' onClick='toggleBox("stack-trace508512860", this, "Click to show all stack frames", "Click to hide stack frames")'>Click to show all stack frames</a>
<div class='stack-trace' id='stack-trace508512860'><pre>java.lang.AssertionError: 
Expected: &quot; (1075, 551)&quot;
     but: was &quot;(1075, 551)&quot;
	at org.hamcrest.MatcherAssert.assertThat(MatcherAssert.java:20)
	at org.hamcrest.MatcherAssert.assertThat(MatcherAssert.java:8)
	at core.AppTestTest.test(AppTestTest.java:69)
	at sun.reflect.GeneratedMethodAccessor3.invoke(Unknown Source)
	at sun.reflect.DelegatingMethodAccessorImpl.invoke(DelegatingMethodAccessorImpl.java:43)
	at java.lang.reflect.Method.invoke(Method.java:498)
	at org.testng.internal.MethodInvocationHelper.invokeMethod(MethodInvocationHelper.java:104)
	at org.testng.internal.Invoker.invokeMethod(Invoker.java:645)
	at org.testng.internal.Invoker.invokeTestMethod(Invoker.java:851)
	at org.testng.internal.Invoker.invokeTestMethods(Invoker.java:1177)
	at org.testng.internal.TestMethodWorker.invokeTestMethods(TestMethodWorker.java:129)
	at org.testng.internal.TestMethodWorker.run(TestMethodWorker.java:112)
	at org.testng.TestRunner.privateRun(TestRunner.java:756)
	at org.testng.TestRunner.run(TestRunner.java:610)
	at org.testng.SuiteRunner.runTest(SuiteRunner.java:387)
	at org.testng.SuiteRunner.runSequentially(SuiteRunner.java:382)
	at org.testng.SuiteRunner.privateRun(SuiteRunner.java:340)
	at org.testng.SuiteRunner.run(SuiteRunner.java:289)
	at org.testng.SuiteRunnerWorker.runSuite(SuiteRunnerWorker.java:52)
	at org.testng.SuiteRunnerWorker.run(SuiteRunnerWorker.java:86)
	at org.testng.TestNG.runSuitesSequentially(TestNG.java:1293)
	at org.testng.TestNG.runSuitesLocally(TestNG.java:1218)
	at org.testng.TestNG.runSuites(TestNG.java:1133)
	at org.testng.TestNG.run(TestNG.java:1104)
	at org.apache.maven.surefire.testng.TestNGExecutor.run(TestNGExecutor.java:77)
	at org.apache.maven.surefire.testng.TestNGDirectoryTestSuite.execute(TestNGDirectoryTestSuite.java:110)
	at org.apache.maven.surefire.testng.TestNGProvider.invoke(TestNGProvider.java:106)
	at sun.reflect.NativeMethodAccessorImpl.invoke0(Native Method)
	at sun.reflect.NativeMethodAccessorImpl.invoke(NativeMethodAccessorImpl.java:62)
	at sun.reflect.DelegatingMethodAccessorImpl.invoke(DelegatingMethodAccessorImpl.java:43)
	at java.lang.reflect.Method.invoke(Method.java:498)
	at org.apache.maven.surefire.util.ReflectionUtils.invokeMethodWithArray(ReflectionUtils.java:189)
	at org.apache.maven.surefire.booter.ProviderFactory$ProviderProxy.invoke(ProviderFactory.java:165)
	at org.apache.maven.surefire.booter.ProviderFactory.invokeProvider(ProviderFactory.java:85)
	at org.apache.maven.surefire.booter.ForkedBooter.runSuitesInProcess(ForkedBooter.java:115)
	at org.apache.maven.surefire.booter.ForkedBooter.main(ForkedBooter.java:75)
</pre></div></td>
<td>4</td>
<td>core.AppTestTest@6ea12c19</td></tr>
</table><p>
<table width='100%' border='1' class='invocation-passed'>
<tr><td colspan='4' align='center'><b>PASSED TESTS</b></td></tr>
<tr><td><b>Test method</b></td>
<td width="30%"><b>Exception</b></td>
<td width="10%"><b>Time (seconds)</b></td>
<td><b>Instance</b></td>
</tr>
<tr>
<td title='core.AppTestTest.test()'><b>test</b><br>Test class: core.AppTestTest (Confirmation Button (Back))<br>Parameters: Page title (Sing Up), index.php, id_f_title, (151, 44), (554, 87)</td>
<td></td>
<td>4</td>
<td>core.AppTestTest@6ea12c19</td></tr>
<tr>
<td title='core.AppTestTest.test()'><b>test</b><br>Test class: core.AppTestTest (Confirmation Button (Back))<br>Parameters: text (current location), index.php, id_current_location, (178, 24), (1150, 71)</td>
<td></td>
<td>4</td>
<td>core.AppTestTest@6ea12c19</td></tr>
<tr>
<td title='core.AppTestTest.test()'><b>test</b><br>Test class: core.AppTestTest (Confirmation Button (Back))<br>Parameters: Image (weather icon), index.php, id_weather_icon, (50, 50), (1197, 99)</td>
<td></td>
<td>4</td>
<td>core.AppTestTest@6ea12c19</td></tr>
<tr>
<td title='core.AppTestTest.test()'><b>test</b><br>Test class: core.AppTestTest (Confirmation Button (Back))<br>Parameters: Dynamic text (temperature), index.php, id_temperature, (70, 42), (1258, 103)</td>
<td></td>
<td>4</td>
<td>core.AppTestTest@6ea12c19</td></tr>
<tr>
<td title='core.AppTestTest.test()'><b>test</b><br>Test class: core.AppTestTest (Confirmation Button (Back))<br>Parameters: Label (first name), index.php, id_f_label_fn, (104, 24), (554, 153)</td>
<td></td>
<td>4</td>
<td>core.AppTestTest@6ea12c19</td></tr>
<tr>
<td title='core.AppTestTest.test()'><b>test</b><br>Test class: core.AppTestTest (Confirmation Button (Back))<br>Parameters: Field (last name), index.php, id_lname, (386, 43), (979, 183)</td>
<td></td>
<td>4</td>
<td>core.AppTestTest@6ea12c19</td></tr>
<tr>
<td title='core.AppTestTest.test()'><b>test</b><br>Test class: core.AppTestTest (Confirmation Button (Back))<br>Parameters: Label (email address), index.php, id_f_label_ea, (138, 24), (554, 233)</td>
<td></td>
<td>5</td>
<td>core.AppTestTest@6ea12c19</td></tr>
<tr>
<td title='core.AppTestTest.test()'><b>test</b><br>Test class: core.AppTestTest (Confirmation Button (Back))<br>Parameters: Label (phone number), index.php, id_f_label_pn, (143, 24), (979, 233)</td>
<td></td>
<td>3</td>
<td>core.AppTestTest@6ea12c19</td></tr>
<tr>
<td title='core.AppTestTest.test()'><b>test</b><br>Test class: core.AppTestTest (Confirmation Button (Back))<br>Parameters: Field (phone number), index.php, id_phone, (386, 43), (979, 263)</td>
<td></td>
<td>4</td>
<td>core.AppTestTest@6ea12c19</td></tr>
<tr>
<td title='core.AppTestTest.test()'><b>test</b><br>Test class: core.AppTestTest (Confirmation Button (Back))<br>Parameters: Label (radio female), index.php, id_r_label_f, (67, 22), (785, 355)</td>
<td></td>
<td>4</td>
<td>core.AppTestTest@6ea12c19</td></tr>
<tr>
<td title='core.AppTestTest.test()'><b>test</b><br>Test class: core.AppTestTest (Confirmation Button (Back))<br>Parameters: Radio Button (female), index.php, id_g_radio_02, (26, 26), (745, 354)</td>
<td></td>
<td>4</td>
<td>core.AppTestTest@6ea12c19</td></tr>
<tr>
<td title='core.AppTestTest.test()'><b>test</b><br>Test class: core.AppTestTest (Confirmation Button (Back))<br>Parameters: Label (state), index.php, id_f_label_s, (50, 24), (979, 313)</td>
<td></td>
<td>4</td>
<td>core.AppTestTest@6ea12c19</td></tr>
<tr>
<td title='core.AppTestTest.test()'><b>test</b><br>Test class: core.AppTestTest (Confirmation Button (Back))<br>Parameters: Drop-down List (state), index.php, id_state, (344, 44), (979, 343)</td>
<td></td>
<td>5</td>
<td>core.AppTestTest@6ea12c19</td></tr>
<tr>
<td title='core.AppTestTest.test()'><b>test</b><br>Test class: core.AppTestTest (Confirmation Button (Back))<br>Parameters: Label (I agree to the Terms), index.php, id_cb_label, (231, 30), (597, 414)</td>
<td></td>
<td>5</td>
<td>core.AppTestTest@6ea12c19</td></tr>
<tr>
<td title='core.AppTestTest.test()'><b>test</b><br>Test class: core.AppTestTest (Confirmation Button (Back))<br>Parameters: Checkbox (terms), index.php, id_checkbox, (26, 26), (554, 419)</td>
<td></td>
<td>4</td>
<td>core.AppTestTest@6ea12c19</td></tr>
<tr>
<td title='core.AppTestTest.test()'><b>test</b><br>Test class: core.AppTestTest (Confirmation Button (Back))<br>Parameters: Image (facebook), index.php, id_img_facebook, (60, 60), (554, 478)</td>
<td></td>
<td>4</td>
<td>core.AppTestTest@6ea12c19</td></tr>
<tr>
<td title='core.AppTestTest.test()'><b>test</b><br>Test class: core.AppTestTest (Confirmation Button (Back))<br>Parameters: Image (twitter), index.php, id_img_twitter, (60, 60), (622, 478)</td>
<td></td>
<td>4</td>
<td>core.AppTestTest@6ea12c19</td></tr>
<tr>
<td title='core.AppTestTest.test()'><b>test</b><br>Test class: core.AppTestTest (Confirmation Button (Back))<br>Parameters: Image (flickr), index.php, id_img_flickr, (60, 60), (691, 478)</td>
<td></td>
<td>4</td>
<td>core.AppTestTest@6ea12c19</td></tr>
<tr>
<td title='core.AppTestTest.test()'><b>test</b><br>Test class: core.AppTestTest (Confirmation Button (Back))<br>Parameters: Image (youtube), index.php, id_img_youtube, (60, 60), (760, 478)</td>
<td></td>
<td>4</td>
<td>core.AppTestTest@6ea12c19</td></tr>
<tr>
<td title='core.AppTestTest.test()'><b>test</b><br>Test class: core.AppTestTest (Confirmation Button (Back))<br>Parameters: Button (Reset), index.php, id_reset_button, (104, 37), (991, 494)</td>
<td></td>
<td>4</td>
<td>core.AppTestTest@6ea12c19</td></tr>
<tr>
<td title='core.AppTestTest.test()'><b>test</b><br>Test class: core.AppTestTest (Confirmation Button (Back))<br>Parameters: Button (Submit), index.php, id_submit_button, (118, 37), (1246, 494)</td>
<td></td>
<td>4</td>
<td>core.AppTestTest@6ea12c19</td></tr>
<tr>
<td title='core.AppTestTest.test()'><b>test</b><br>Test class: core.AppTestTest (Confirmation Button (Back))<br>Parameters: Dynamic text (today?s date), index.php, timestamp, (290, 24), (535, 551)</td>
<td></td>
<td>5</td>
<td>core.AppTestTest@6ea12c19</td></tr>
<tr>
<td title='core.AppTestTest.test()'><b>test</b><br>Test class: core.AppTestTest (Confirmation Button (Back))<br>Parameters: Dynamic text (copyright), index.php, copyright, (250, 24), (825, 551)</td>
<td></td>
<td>5</td>
<td>core.AppTestTest@6ea12c19</td></tr>
<tr>
<td title='core.AppTestTest.test()'><b>test</b><br>Test class: core.AppTestTest (Confirmation Button (Back))<br>Parameters: Page title (Confirmation), confirmation.php, id_f_title, (249, 44), (560, 85)</td>
<td></td>
<td>4</td>
<td>core.AppTestTest@6ea12c19</td></tr>
<tr>
<td title='core.AppTestTest.test()'><b>test</b><br>Test class: core.AppTestTest (Confirmation Button (Back))<br>Parameters: Confirmation Label (first name), confirmation.php, id_f_label_fn_conf, (104, 24), (561, 154)</td>
<td></td>
<td>4</td>
<td>core.AppTestTest@6ea12c19</td></tr>
<tr>
<td title='core.AppTestTest.test()'><b>test</b><br>Test class: core.AppTestTest (Confirmation Button (Back))<br>Parameters: Confirmation Field (first name), confirmation.php, id_fname_conf, (10, 42), (561, 186)</td>
<td></td>
<td>5</td>
<td>core.AppTestTest@6ea12c19</td></tr>
<tr>
<td title='core.AppTestTest.test()'><b>test</b><br>Test class: core.AppTestTest (Confirmation Button (Back))<br>Parameters: Confirmation Label (last name), confirmation.php, id_f_label_ln_conf, (103, 24), (986, 154)</td>
<td></td>
<td>5</td>
<td>core.AppTestTest@6ea12c19</td></tr>
<tr>
<td title='core.AppTestTest.test()'><b>test</b><br>Test class: core.AppTestTest (Confirmation Button (Back))<br>Parameters: Confirmation Field (last name), confirmation.php, id_lname_conf, (10, 42), (986, 186)</td>
<td></td>
<td>4</td>
<td>core.AppTestTest@6ea12c19</td></tr>
<tr>
<td title='core.AppTestTest.test()'><b>test</b><br>Test class: core.AppTestTest (Confirmation Button (Back))<br>Parameters: Confirmation Label (email address), confirmation.php, id_f_label_email_conf, (138, 24), (561, 234)</td>
<td></td>
<td>4</td>
<td>core.AppTestTest@6ea12c19</td></tr>
<tr>
<td title='core.AppTestTest.test()'><b>test</b><br>Test class: core.AppTestTest (Confirmation Button (Back))<br>Parameters: Confirmation Field (email address), confirmation.php, id_email_conf, (10, 42), (561, 266)</td>
<td></td>
<td>4</td>
<td>core.AppTestTest@6ea12c19</td></tr>
<tr>
<td title='core.AppTestTest.test()'><b>test</b><br>Test class: core.AppTestTest (Confirmation Button (Back))<br>Parameters: Confirmation Label (phone number), confirmation.php, id_f_label_phone_conf, (143, 24), (986, 234)</td>
<td></td>
<td>4</td>
<td>core.AppTestTest@6ea12c19</td></tr>
<tr>
<td title='core.AppTestTest.test()'><b>test</b><br>Test class: core.AppTestTest (Confirmation Button (Back))<br>Parameters: Confirmation Field (phone number), confirmation.php, id_phone_conf, (10, 42), (986, 266)</td>
<td></td>
<td>4</td>
<td>core.AppTestTest@6ea12c19</td></tr>
<tr>
<td title='core.AppTestTest.test()'><b>test</b><br>Test class: core.AppTestTest (Confirmation Button (Back))<br>Parameters: Confirmation Label (gender), confirmation.php, id_f_label_gender_conf, (71, 24), (561, 314)</td>
<td></td>
<td>4</td>
<td>core.AppTestTest@6ea12c19</td></tr>
<tr>
<td title='core.AppTestTest.test()'><b>test</b><br>Test class: core.AppTestTest (Confirmation Button (Back))<br>Parameters: Confirmation Field (gender), confirmation.php, id_gender_conf, (10, 42), (561, 346)</td>
<td></td>
<td>3</td>
<td>core.AppTestTest@6ea12c19</td></tr>
<tr>
<td title='core.AppTestTest.test()'><b>test</b><br>Test class: core.AppTestTest (Confirmation Button (Back))<br>Parameters: Confirmation Label (state), confirmation.php, id_f_label_state_conf, (50, 24), (986, 314)</td>
<td></td>
<td>3</td>
<td>core.AppTestTest@6ea12c19</td></tr>
<tr>
<td title='core.AppTestTest.test()'><b>test</b><br>Test class: core.AppTestTest (Confirmation Button (Back))<br>Parameters: Confirmation Field (state), confirmation.php, id_state_conf, (10, 42), (986, 346)</td>
<td></td>
<td>4</td>
<td>core.AppTestTest@6ea12c19</td></tr>
<tr>
<td title='core.AppTestTest.test()'><b>test</b><br>Test class: core.AppTestTest (Confirmation Button (Back))<br>Parameters: Confirmation Label (Terms?), confirmation.php, id_f_label_terms_conf, (70, 24), (561, 394)</td>
<td></td>
<td>4</td>
<td>core.AppTestTest@6ea12c19</td></tr>
<tr>
<td title='core.AppTestTest.test()'><b>test</b><br>Test class: core.AppTestTest (Confirmation Button (Back))<br>Parameters: Confirmation Field (terms), confirmation.php, id_terms_conf, (10, 42), (561, 426)</td>
<td></td>
<td>4</td>
<td>core.AppTestTest@6ea12c19</td></tr>
<tr>
<td title='core.AppTestTest.test()'><b>test</b><br>Test class: core.AppTestTest (Confirmation Button (Back))<br>Parameters: Confirmation Button (Back), confirmation.php, id_back_button, (120, 37), (986, 492)</td>
<td></td>
<td>4</td>
<td>core.AppTestTest@6ea12c19</td></tr>
</table><p>
</body>
</html>