<?xml version="1.0" encoding="UTF-8" ?>
<testsuite tests="46" failures="7" name="core.AppTestTest" time="210.619" errors="0" skipped="0">
  <properties>
    <property name="java.runtime.name" value="Java(TM) SE Runtime Environment"/>
    <property name="sun.boot.library.path" value="C:\Program Files\Java\jdk1.8.0_112\jre\bin"/>
    <property name="java.vm.version" value="25.112-b15"/>
    <property name="java.vm.vendor" value="Oracle Corporation"/>
    <property name="maven.multiModuleProjectDirectory" value="C:\Users\yarosh.k\Workspace\HW50"/>
    <property name="java.vendor.url" value="http://java.oracle.com/"/>
    <property name="path.separator" value=";"/>
    <property name="guice.disable.misplaced.annotation.check" value="true"/>
    <property name="java.vm.name" value="Java HotSpot(TM) 64-Bit Server VM"/>
    <property name="file.encoding.pkg" value="sun.io"/>
    <property name="user.script" value=""/>
    <property name="user.country" value="US"/>
    <property name="sun.java.launcher" value="SUN_STANDARD"/>
    <property name="sun.os.patch.level" value=""/>
    <property name="java.vm.specification.name" value="Java Virtual Machine Specification"/>
    <property name="user.dir" value="C:\Users\yarosh.k\Workspace\HW50"/>
    <property name="java.runtime.version" value="1.8.0_112-b15"/>
    <property name="java.awt.graphicsenv" value="sun.awt.Win32GraphicsEnvironment"/>
    <property name="java.endorsed.dirs" value="C:\Program Files\Java\jdk1.8.0_112\jre\lib\endorsed"/>
    <property name="os.arch" value="amd64"/>
    <property name="java.io.tmpdir" value="C:\Users\yarosh.k\AppData\Local\Temp\"/>
    <property name="line.separator" value="
"/>
    <property name="java.vm.specification.vendor" value="Oracle Corporation"/>
    <property name="user.variant" value=""/>
    <property name="os.name" value="Windows 10"/>
    <property name="classworlds.conf" value="C:\Maven\apache-maven-3.3.9\bin\m2.conf"/>
    <property name="sun.jnu.encoding" value="Cp1252"/>
    <property name="java.library.path" value="C:\Program Files\Java\jdk1.8.0_112\bin;C:\WINDOWS\Sun\Java\bin;C:\WINDOWS\system32;C:\WINDOWS;C:\ProgramData\Oracle\Java\javapath;C:\Maven\apache-maven-3.3.9\bin;C:\Program Files\Java\jdk1.8.0_112\bin;C:\Windows\System32;C:\WINDOWS\System32;C:\Windows;C:\Program Files (x86)\Skype\Phone\;C:\Program Files (x86)\Intel\Intel(R) Management Engine Components\DAL;C:\Program Files\Intel\Intel(R) Management Engine Components\DAL;C:\Program Files (x86)\Intel\Intel(R) Management Engine Components\IPT;C:\Program Files\Intel\Intel(R) Management Engine Components\IPT;C:\Windows\System32;C:\Windows;."/>
    <property name="java.specification.name" value="Java Platform API Specification"/>
    <property name="java.class.version" value="52.0"/>
    <property name="sun.management.compiler" value="HotSpot 64-Bit Tiered Compilers"/>
    <property name="os.version" value="10.0"/>
    <property name="user.home" value="C:\Users\yarosh.k"/>
    <property name="user.timezone" value="America/Los_Angeles"/>
    <property name="java.awt.printerjob" value="sun.awt.windows.WPrinterJob"/>
    <property name="java.specification.version" value="1.8"/>
    <property name="file.encoding" value="Cp1252"/>
    <property name="user.name" value="yarosh.k"/>
    <property name="java.class.path" value="C:\Maven\apache-maven-3.3.9\boot\plexus-classworlds-2.5.2.jar"/>
    <property name="java.vm.specification.version" value="1.8"/>
    <property name="sun.arch.data.model" value="64"/>
    <property name="java.home" value="C:\Program Files\Java\jdk1.8.0_112\jre"/>
    <property name="sun.java.command" value="org.codehaus.plexus.classworlds.launcher.Launcher site"/>
    <property name="java.specification.vendor" value="Oracle Corporation"/>
    <property name="user.language" value="en"/>
    <property name="awt.toolkit" value="sun.awt.windows.WToolkit"/>
    <property name="java.vm.info" value="mixed mode"/>
    <property name="java.version" value="1.8.0_112"/>
    <property name="java.ext.dirs" value="C:\Program Files\Java\jdk1.8.0_112\jre\lib\ext;C:\WINDOWS\Sun\Java\lib\ext"/>
    <property name="sun.boot.class.path" value="C:\Program Files\Java\jdk1.8.0_112\jre\lib\resources.jar;C:\Program Files\Java\jdk1.8.0_112\jre\lib\rt.jar;C:\Program Files\Java\jdk1.8.0_112\jre\lib\sunrsasign.jar;C:\Program Files\Java\jdk1.8.0_112\jre\lib\jsse.jar;C:\Program Files\Java\jdk1.8.0_112\jre\lib\jce.jar;C:\Program Files\Java\jdk1.8.0_112\jre\lib\charsets.jar;C:\Program Files\Java\jdk1.8.0_112\jre\lib\jfr.jar;C:\Program Files\Java\jdk1.8.0_112\jre\classes"/>
    <property name="sun.stderr.encoding" value="cp437"/>
    <property name="java.vendor" value="Oracle Corporation"/>
    <property name="maven.home" value="C:\Maven\apache-maven-3.3.9"/>
    <property name="file.separator" value="\"/>
    <property name="java.vendor.url.bug" value="http://bugreport.sun.com/bugreport/"/>
    <property name="sun.cpu.endian" value="little"/>
    <property name="sun.io.unicode.encoding" value="UnicodeLittle"/>
    <property name="sun.stdout.encoding" value="cp437"/>
    <property name="sun.desktop" value="windows"/>
    <property name="sun.cpu.isalist" value="amd64"/>
  </properties>
  <testcase classname="core.AppTestTest" name="Dynamic text (quote)" time="5.08">
    <failure message="
Expected: &quot; (9, 49)&quot;
     but: was &quot;(9, 49)&quot;" type="java.lang.AssertionError">java.lang.AssertionError: 
Expected: &quot; (9, 49)&quot;
     but: was &quot;(9, 49)&quot;
	at org.hamcrest.MatcherAssert.assertThat(MatcherAssert.java:20)
	at org.hamcrest.MatcherAssert.assertThat(MatcherAssert.java:8)
	at core.AppTestTest.test(AppTestTest.java:69)
</failure>
    <system-out>Configuring TestNG with: org.apache.maven.surefire.testng.conf.TestNG652Configurator@3339ad8e
</system-out>
  </testcase>
  <testcase classname="core.AppTestTest" name="Page title (Sing Up)" time="4.107"/>
  <testcase classname="core.AppTestTest" name="text (current location)" time="4.533"/>
  <testcase classname="core.AppTestTest" name="Image (weather icon)" time="4.787"/>
  <testcase classname="core.AppTestTest" name="Dynamic text (temperature)" time="4.238"/>
  <testcase classname="core.AppTestTest" name="Label (first name)" time="4.953"/>
  <testcase classname="core.AppTestTest" name="Field (first name)" time="4.805">
    <failure message="
Expected: &quot; (554, 183)&quot;
     but: was &quot;(554, 183)&quot;" type="java.lang.AssertionError">java.lang.AssertionError: 
Expected: &quot; (554, 183)&quot;
     but: was &quot;(554, 183)&quot;
	at org.hamcrest.MatcherAssert.assertThat(MatcherAssert.java:20)
	at org.hamcrest.MatcherAssert.assertThat(MatcherAssert.java:8)
	at core.AppTestTest.test(AppTestTest.java:69)
</failure>
  </testcase>
  <testcase classname="core.AppTestTest" name="Label (last name)" time="4.522">
    <failure message="
Expected: &quot; (979, 153)&quot;
     but: was &quot;(979, 153)&quot;" type="java.lang.AssertionError">java.lang.AssertionError: 
Expected: &quot; (979, 153)&quot;
     but: was &quot;(979, 153)&quot;
	at org.hamcrest.MatcherAssert.assertThat(MatcherAssert.java:20)
	at org.hamcrest.MatcherAssert.assertThat(MatcherAssert.java:8)
	at core.AppTestTest.test(AppTestTest.java:69)
</failure>
  </testcase>
  <testcase classname="core.AppTestTest" name="Field (last name)" time="4.926"/>
  <testcase classname="core.AppTestTest" name="Label (email address)" time="5.024"/>
  <testcase classname="core.AppTestTest" name="Field (email address)" time="4.583">
    <failure message="
Expected: &quot; (554, 263)&quot;
     but: was &quot;(554, 263)&quot;" type="java.lang.AssertionError">java.lang.AssertionError: 
Expected: &quot; (554, 263)&quot;
     but: was &quot;(554, 263)&quot;
	at org.hamcrest.MatcherAssert.assertThat(MatcherAssert.java:20)
	at org.hamcrest.MatcherAssert.assertThat(MatcherAssert.java:8)
	at core.AppTestTest.test(AppTestTest.java:69)
</failure>
  </testcase>
  <testcase classname="core.AppTestTest" name="Label (phone number)" time="3.937"/>
  <testcase classname="core.AppTestTest" name="Field (phone number)" time="4.783"/>
  <testcase classname="core.AppTestTest" name="Label (radio male)" time="4.667">
    <failure message="
Expected: &quot; (606, 355)&quot;
     but: was &quot;(606, 355)&quot;" type="java.lang.AssertionError">java.lang.AssertionError: 
Expected: &quot; (606, 355)&quot;
     but: was &quot;(606, 355)&quot;
	at org.hamcrest.MatcherAssert.assertThat(MatcherAssert.java:20)
	at org.hamcrest.MatcherAssert.assertThat(MatcherAssert.java:8)
	at core.AppTestTest.test(AppTestTest.java:69)
</failure>
  </testcase>
  <testcase classname="core.AppTestTest" name="Radio Button (male)" time="4.572">
    <failure message="
Expected: &quot; (566, 354)&quot;
     but: was &quot;(566, 354)&quot;" type="java.lang.AssertionError">java.lang.AssertionError: 
Expected: &quot; (566, 354)&quot;
     but: was &quot;(566, 354)&quot;
	at org.hamcrest.MatcherAssert.assertThat(MatcherAssert.java:20)
	at org.hamcrest.MatcherAssert.assertThat(MatcherAssert.java:8)
	at core.AppTestTest.test(AppTestTest.java:69)
</failure>
  </testcase>
  <testcase classname="core.AppTestTest" name="Label (radio female)" time="4.682"/>
  <testcase classname="core.AppTestTest" name="Radio Button (female)" time="4.157"/>
  <testcase classname="core.AppTestTest" name="Label (state)" time="4.626"/>
  <testcase classname="core.AppTestTest" name="Drop-down List (state)" time="5.422"/>
  <testcase classname="core.AppTestTest" name="Label (I agree to the Terms)" time="5.297"/>
  <testcase classname="core.AppTestTest" name="Checkbox (terms)" time="4.53"/>
  <testcase classname="core.AppTestTest" name="Image (facebook)" time="4.642"/>
  <testcase classname="core.AppTestTest" name="Image (twitter)" time="4.117"/>
  <testcase classname="core.AppTestTest" name="Image (flickr)" time="4.636"/>
  <testcase classname="core.AppTestTest" name="Image (youtube)" time="4.538"/>
  <testcase classname="core.AppTestTest" name="Button (Reset)" time="4.022"/>
  <testcase classname="core.AppTestTest" name="Button (Submit)" time="4.555"/>
  <testcase classname="core.AppTestTest" name="Dynamic text (today?s date)" time="5.213"/>
  <testcase classname="core.AppTestTest" name="Dynamic text (copyright)" time="5.33"/>
  <testcase classname="core.AppTestTest" name="Dynamic text (os &amp; browser)" time="4.781">
    <failure message="
Expected: &quot; (1075, 551)&quot;
     but: was &quot;(1075, 551)&quot;" type="java.lang.AssertionError">java.lang.AssertionError: 
Expected: &quot; (1075, 551)&quot;
     but: was &quot;(1075, 551)&quot;
	at org.hamcrest.MatcherAssert.assertThat(MatcherAssert.java:20)
	at org.hamcrest.MatcherAssert.assertThat(MatcherAssert.java:8)
	at core.AppTestTest.test(AppTestTest.java:69)
</failure>
  </testcase>
  <testcase classname="core.AppTestTest" name="Page title (Confirmation)" time="4.818"/>
  <testcase classname="core.AppTestTest" name="Confirmation Label (first name)" time="4.427"/>
  <testcase classname="core.AppTestTest" name="Confirmation Field (first name)" time="5.093"/>
  <testcase classname="core.AppTestTest" name="Confirmation Label (last name)" time="5.056"/>
  <testcase classname="core.AppTestTest" name="Confirmation Field (last name)" time="4.237"/>
  <testcase classname="core.AppTestTest" name="Confirmation Label (email address)" time="4.374"/>
  <testcase classname="core.AppTestTest" name="Confirmation Field (email address)" time="4.446"/>
  <testcase classname="core.AppTestTest" name="Confirmation Label (phone number)" time="4.491"/>
  <testcase classname="core.AppTestTest" name="Confirmation Field (phone number)" time="4.318"/>
  <testcase classname="core.AppTestTest" name="Confirmation Label (gender)" time="4.241"/>
  <testcase classname="core.AppTestTest" name="Confirmation Field (gender)" time="3.891"/>
  <testcase classname="core.AppTestTest" name="Confirmation Label (state)" time="3.857"/>
  <testcase classname="core.AppTestTest" name="Confirmation Field (state)" time="4.352"/>
  <testcase classname="core.AppTestTest" name="Confirmation Label (Terms?)" time="4.579"/>
  <testcase classname="core.AppTestTest" name="Confirmation Field (terms)" time="4.058"/>
  <testcase classname="core.AppTestTest" name="Confirmation Button (Back)" time="4.316"/>
</testsuite>