<?xml version="1.0" encoding="UTF-8"?>
<testng-results skipped="0" failed="7" ignored="0" total="46" passed="39">
  <reporter-output>
  </reporter-output>
  <suite name="core.AppTestTest" duration-ms="214316" started-at="2017-02-28T05:53:29Z" finished-at="2017-02-28T05:57:03Z">
    <groups>
    </groups>
    <test name="Command line test" duration-ms="214316" started-at="2017-02-28T05:53:29Z" finished-at="2017-02-28T05:57:03Z">
      <class name="core.AppTestTest">
        <test-method status="PASS" signature="bm(java.lang.reflect.Method, [Ljava.lang.Object;)[pri:0, instance:core.AppTestTest@6ea12c19]" test-instance-name="Confirmation Button (Back)" name="bm" is-config="true" duration-ms="4" started-at="2017-02-27T21:53:29Z" finished-at="2017-02-27T21:53:29Z">
          <params>
            <param index="0">
              <value>
                <![CDATA[public void core.AppTestTest.test(java.lang.String,java.lang.String,java.lang.String,java.lang.String,java.lang.String)]]>
              </value>
            </param>
            <param index="1">
              <value>
                <![CDATA[[Ljava.lang.Object;@5d99c6b5]]>
              </value>
            </param>
          </params>
          <reporter-output>
          </reporter-output>
        </test-method> <!-- bm -->
        <test-method status="FAIL" signature="test(java.lang.String, java.lang.String, java.lang.String, java.lang.String, java.lang.String)[pri:0, instance:core.AppTestTest@6ea12c19]" test-instance-name="Confirmation Button (Back)" name="test" duration-ms="5076" started-at="2017-02-27T21:53:29Z" data-provider="dp" finished-at="2017-02-27T21:53:34Z">
          <params>
            <param index="0">
              <value>
                <![CDATA[Dynamic text (quote)]]>
              </value>
            </param>
            <param index="1">
              <value>
                <![CDATA[index.php]]>
              </value>
            </param>
            <param index="2">
              <value>
                <![CDATA[id_quotes]]>
              </value>
            </param>
            <param index="3">
              <value>
                <![CDATA[(1901, 20)]]>
              </value>
            </param>
            <param index="4">
              <value>
                <![CDATA[ (9, 49)]]>
              </value>
            </param>
          </params>
          <exception class="java.lang.AssertionError">
            <message>
              <![CDATA[
Expected: " (9, 49)"
     but: was "(9, 49)"]]>
            </message>
            <full-stacktrace>
              <![CDATA[java.lang.AssertionError: 
Expected: " (9, 49)"
     but: was "(9, 49)"
	at org.hamcrest.MatcherAssert.assertThat(MatcherAssert.java:20)
	at org.hamcrest.MatcherAssert.assertThat(MatcherAssert.java:8)
	at core.AppTestTest.test(AppTestTest.java:69)
	at sun.reflect.NativeMethodAccessorImpl.invoke0(Native Method)
	at sun.reflect.NativeMethodAccessorImpl.invoke(NativeMethodAccessorImpl.java:62)
	at sun.reflect.DelegatingMethodAccessorImpl.invoke(DelegatingMethodAccessorImpl.java:43)
	at java.lang.reflect.Method.invoke(Method.java:498)
	at org.testng.internal.MethodInvocationHelper.invokeMethod(MethodInvocationHelper.java:104)
	at org.testng.internal.Invoker.invokeMethod(Invoker.java:645)
	at org.testng.internal.Invoker.invokeTestMethod(Invoker.java:851)
	at org.testng.internal.Invoker.invokeTestMethods(Invoker.java:1177)
	at org.testng.internal.TestMethodWorker.invokeTestMethods(TestMethodWorker.java:129)
	at org.testng.internal.TestMethodWorker.run(TestMethodWorker.java:112)
	at org.testng.TestRunner.privateRun(TestRunner.java:756)
	at org.testng.TestRunner.run(TestRunner.java:610)
	at org.testng.SuiteRunner.runTest(SuiteRunner.java:387)
	at org.testng.SuiteRunner.runSequentially(SuiteRunner.java:382)
	at org.testng.SuiteRunner.privateRun(SuiteRunner.java:340)
	at org.testng.SuiteRunner.run(SuiteRunner.java:289)
	at org.testng.SuiteRunnerWorker.runSuite(SuiteRunnerWorker.java:52)
	at org.testng.SuiteRunnerWorker.run(SuiteRunnerWorker.java:86)
	at org.testng.TestNG.runSuitesSequentially(TestNG.java:1293)
	at org.testng.TestNG.runSuitesLocally(TestNG.java:1218)
	at org.testng.TestNG.runSuites(TestNG.java:1133)
	at org.testng.TestNG.run(TestNG.java:1104)
	at org.apache.maven.surefire.testng.TestNGExecutor.run(TestNGExecutor.java:77)
	at org.apache.maven.surefire.testng.TestNGDirectoryTestSuite.execute(TestNGDirectoryTestSuite.java:110)
	at org.apache.maven.surefire.testng.TestNGProvider.invoke(TestNGProvider.java:106)
	at sun.reflect.NativeMethodAccessorImpl.invoke0(Native Method)
	at sun.reflect.NativeMethodAccessorImpl.invoke(NativeMethodAccessorImpl.java:62)
	at sun.reflect.DelegatingMethodAccessorImpl.invoke(DelegatingMethodAccessorImpl.java:43)
	at java.lang.reflect.Method.invoke(Method.java:498)
	at org.apache.maven.surefire.util.ReflectionUtils.invokeMethodWithArray(ReflectionUtils.java:189)
	at org.apache.maven.surefire.booter.ProviderFactory$ProviderProxy.invoke(ProviderFactory.java:165)
	at org.apache.maven.surefire.booter.ProviderFactory.invokeProvider(ProviderFactory.java:85)
	at org.apache.maven.surefire.booter.ForkedBooter.runSuitesInProcess(ForkedBooter.java:115)
	at org.apache.maven.surefire.booter.ForkedBooter.main(ForkedBooter.java:75)
]]>
            </full-stacktrace>
          </exception> <!-- java.lang.AssertionError -->
          <reporter-output>
          </reporter-output>
        </test-method> <!-- test -->
        <test-method status="PASS" signature="am()[pri:0, instance:core.AppTestTest@6ea12c19]" test-instance-name="Confirmation Button (Back)" name="am" is-config="true" duration-ms="62" started-at="2017-02-27T21:53:34Z" finished-at="2017-02-27T21:53:34Z">
          <reporter-output>
          </reporter-output>
        </test-method> <!-- am -->
        <test-method status="PASS" signature="bm(java.lang.reflect.Method, [Ljava.lang.Object;)[pri:0, instance:core.AppTestTest@6ea12c19]" test-instance-name="Confirmation Button (Back)" name="bm" is-config="true" duration-ms="0" started-at="2017-02-27T21:53:34Z" finished-at="2017-02-27T21:53:34Z">
          <params>
            <param index="0">
              <value>
                <![CDATA[public void core.AppTestTest.test(java.lang.String,java.lang.String,java.lang.String,java.lang.String,java.lang.String)]]>
              </value>
            </param>
            <param index="1">
              <value>
                <![CDATA[[Ljava.lang.Object;@266374ef]]>
              </value>
            </param>
          </params>
          <reporter-output>
          </reporter-output>
        </test-method> <!-- bm -->
        <test-method status="PASS" signature="test(java.lang.String, java.lang.String, java.lang.String, java.lang.String, java.lang.String)[pri:0, instance:core.AppTestTest@6ea12c19]" test-instance-name="Confirmation Button (Back)" name="test" duration-ms="4106" started-at="2017-02-27T21:53:34Z" data-provider="dp" finished-at="2017-02-27T21:53:38Z">
          <params>
            <param index="0">
              <value>
                <![CDATA[Page title (Sing Up)]]>
              </value>
            </param>
            <param index="1">
              <value>
                <![CDATA[index.php]]>
              </value>
            </param>
            <param index="2">
              <value>
                <![CDATA[id_f_title]]>
              </value>
            </param>
            <param index="3">
              <value>
                <![CDATA[(151, 44)]]>
              </value>
            </param>
            <param index="4">
              <value>
                <![CDATA[(554, 87)]]>
              </value>
            </param>
          </params>
          <reporter-output>
          </reporter-output>
        </test-method> <!-- test -->
        <test-method status="PASS" signature="am()[pri:0, instance:core.AppTestTest@6ea12c19]" test-instance-name="Confirmation Button (Back)" name="am" is-config="true" duration-ms="90" started-at="2017-02-27T21:53:38Z" finished-at="2017-02-27T21:53:38Z">
          <reporter-output>
          </reporter-output>
        </test-method> <!-- am -->
        <test-method status="PASS" signature="test(java.lang.String, java.lang.String, java.lang.String, java.lang.String, java.lang.String)[pri:0, instance:core.AppTestTest@6ea12c19]" test-instance-name="Confirmation Button (Back)" name="test" duration-ms="4533" started-at="2017-02-27T21:53:38Z" data-provider="dp" finished-at="2017-02-27T21:53:43Z">
          <params>
            <param index="0">
              <value>
                <![CDATA[text (current location)]]>
              </value>
            </param>
            <param index="1">
              <value>
                <![CDATA[index.php]]>
              </value>
            </param>
            <param index="2">
              <value>
                <![CDATA[id_current_location]]>
              </value>
            </param>
            <param index="3">
              <value>
                <![CDATA[(178, 24)]]>
              </value>
            </param>
            <param index="4">
              <value>
                <![CDATA[(1150, 71)]]>
              </value>
            </param>
          </params>
          <reporter-output>
          </reporter-output>
        </test-method> <!-- test -->
        <test-method status="PASS" signature="bm(java.lang.reflect.Method, [Ljava.lang.Object;)[pri:0, instance:core.AppTestTest@6ea12c19]" test-instance-name="Confirmation Button (Back)" name="bm" is-config="true" duration-ms="0" started-at="2017-02-27T21:53:38Z" finished-at="2017-02-27T21:53:38Z">
          <params>
            <param index="0">
              <value>
                <![CDATA[public void core.AppTestTest.test(java.lang.String,java.lang.String,java.lang.String,java.lang.String,java.lang.String)]]>
              </value>
            </param>
            <param index="1">
              <value>
                <![CDATA[[Ljava.lang.Object;@13b3d178]]>
              </value>
            </param>
          </params>
          <reporter-output>
          </reporter-output>
        </test-method> <!-- bm -->
        <test-method status="PASS" signature="am()[pri:0, instance:core.AppTestTest@6ea12c19]" test-instance-name="Confirmation Button (Back)" name="am" is-config="true" duration-ms="55" started-at="2017-02-27T21:53:43Z" finished-at="2017-02-27T21:53:43Z">
          <reporter-output>
          </reporter-output>
        </test-method> <!-- am -->
        <test-method status="PASS" signature="bm(java.lang.reflect.Method, [Ljava.lang.Object;)[pri:0, instance:core.AppTestTest@6ea12c19]" test-instance-name="Confirmation Button (Back)" name="bm" is-config="true" duration-ms="0" started-at="2017-02-27T21:53:43Z" finished-at="2017-02-27T21:53:43Z">
          <params>
            <param index="0">
              <value>
                <![CDATA[public void core.AppTestTest.test(java.lang.String,java.lang.String,java.lang.String,java.lang.String,java.lang.String)]]>
              </value>
            </param>
            <param index="1">
              <value>
                <![CDATA[[Ljava.lang.Object;@24c4ddae]]>
              </value>
            </param>
          </params>
          <reporter-output>
          </reporter-output>
        </test-method> <!-- bm -->
        <test-method status="PASS" signature="test(java.lang.String, java.lang.String, java.lang.String, java.lang.String, java.lang.String)[pri:0, instance:core.AppTestTest@6ea12c19]" test-instance-name="Confirmation Button (Back)" name="test" duration-ms="4788" started-at="2017-02-27T21:53:43Z" data-provider="dp" finished-at="2017-02-27T21:53:48Z">
          <params>
            <param index="0">
              <value>
                <![CDATA[Image (weather icon)]]>
              </value>
            </param>
            <param index="1">
              <value>
                <![CDATA[index.php]]>
              </value>
            </param>
            <param index="2">
              <value>
                <![CDATA[id_weather_icon]]>
              </value>
            </param>
            <param index="3">
              <value>
                <![CDATA[(50, 50)]]>
              </value>
            </param>
            <param index="4">
              <value>
                <![CDATA[(1197, 99)]]>
              </value>
            </param>
          </params>
          <reporter-output>
          </reporter-output>
        </test-method> <!-- test -->
        <test-method status="PASS" signature="am()[pri:0, instance:core.AppTestTest@6ea12c19]" test-instance-name="Confirmation Button (Back)" name="am" is-config="true" duration-ms="65" started-at="2017-02-27T21:53:48Z" finished-at="2017-02-27T21:53:48Z">
          <reporter-output>
          </reporter-output>
        </test-method> <!-- am -->
        <test-method status="PASS" signature="bm(java.lang.reflect.Method, [Ljava.lang.Object;)[pri:0, instance:core.AppTestTest@6ea12c19]" test-instance-name="Confirmation Button (Back)" name="bm" is-config="true" duration-ms="1" started-at="2017-02-27T21:53:48Z" finished-at="2017-02-27T21:53:48Z">
          <params>
            <param index="0">
              <value>
                <![CDATA[public void core.AppTestTest.test(java.lang.String,java.lang.String,java.lang.String,java.lang.String,java.lang.String)]]>
              </value>
            </param>
            <param index="1">
              <value>
                <![CDATA[[Ljava.lang.Object;@37fb0bed]]>
              </value>
            </param>
          </params>
          <reporter-output>
          </reporter-output>
        </test-method> <!-- bm -->
        <test-method status="PASS" signature="test(java.lang.String, java.lang.String, java.lang.String, java.lang.String, java.lang.String)[pri:0, instance:core.AppTestTest@6ea12c19]" test-instance-name="Confirmation Button (Back)" name="test" duration-ms="4237" started-at="2017-02-27T21:53:48Z" data-provider="dp" finished-at="2017-02-27T21:53:52Z">
          <params>
            <param index="0">
              <value>
                <![CDATA[Dynamic text (temperature)]]>
              </value>
            </param>
            <param index="1">
              <value>
                <![CDATA[index.php]]>
              </value>
            </param>
            <param index="2">
              <value>
                <![CDATA[id_temperature]]>
              </value>
            </param>
            <param index="3">
              <value>
                <![CDATA[(70, 42)]]>
              </value>
            </param>
            <param index="4">
              <value>
                <![CDATA[(1258, 103)]]>
              </value>
            </param>
          </params>
          <reporter-output>
          </reporter-output>
        </test-method> <!-- test -->
        <test-method status="PASS" signature="am()[pri:0, instance:core.AppTestTest@6ea12c19]" test-instance-name="Confirmation Button (Back)" name="am" is-config="true" duration-ms="56" started-at="2017-02-27T21:53:52Z" finished-at="2017-02-27T21:53:52Z">
          <reporter-output>
          </reporter-output>
        </test-method> <!-- am -->
        <test-method status="PASS" signature="bm(java.lang.reflect.Method, [Ljava.lang.Object;)[pri:0, instance:core.AppTestTest@6ea12c19]" test-instance-name="Confirmation Button (Back)" name="bm" is-config="true" duration-ms="0" started-at="2017-02-27T21:53:52Z" finished-at="2017-02-27T21:53:52Z">
          <params>
            <param index="0">
              <value>
                <![CDATA[public void core.AppTestTest.test(java.lang.String,java.lang.String,java.lang.String,java.lang.String,java.lang.String)]]>
              </value>
            </param>
            <param index="1">
              <value>
                <![CDATA[[Ljava.lang.Object;@a82c5f1]]>
              </value>
            </param>
          </params>
          <reporter-output>
          </reporter-output>
        </test-method> <!-- bm -->
        <test-method status="PASS" signature="test(java.lang.String, java.lang.String, java.lang.String, java.lang.String, java.lang.String)[pri:0, instance:core.AppTestTest@6ea12c19]" test-instance-name="Confirmation Button (Back)" name="test" duration-ms="4953" started-at="2017-02-27T21:53:52Z" data-provider="dp" finished-at="2017-02-27T21:53:57Z">
          <params>
            <param index="0">
              <value>
                <![CDATA[Label (first name)]]>
              </value>
            </param>
            <param index="1">
              <value>
                <![CDATA[index.php]]>
              </value>
            </param>
            <param index="2">
              <value>
                <![CDATA[id_f_label_fn]]>
              </value>
            </param>
            <param index="3">
              <value>
                <![CDATA[(104, 24)]]>
              </value>
            </param>
            <param index="4">
              <value>
                <![CDATA[(554, 153)]]>
              </value>
            </param>
          </params>
          <reporter-output>
          </reporter-output>
        </test-method> <!-- test -->
        <test-method status="PASS" signature="am()[pri:0, instance:core.AppTestTest@6ea12c19]" test-instance-name="Confirmation Button (Back)" name="am" is-config="true" duration-ms="56" started-at="2017-02-27T21:53:57Z" finished-at="2017-02-27T21:53:57Z">
          <reporter-output>
          </reporter-output>
        </test-method> <!-- am -->
        <test-method status="PASS" signature="bm(java.lang.reflect.Method, [Ljava.lang.Object;)[pri:0, instance:core.AppTestTest@6ea12c19]" test-instance-name="Confirmation Button (Back)" name="bm" is-config="true" duration-ms="0" started-at="2017-02-27T21:53:57Z" finished-at="2017-02-27T21:53:57Z">
          <params>
            <param index="0">
              <value>
                <![CDATA[public void core.AppTestTest.test(java.lang.String,java.lang.String,java.lang.String,java.lang.String,java.lang.String)]]>
              </value>
            </param>
            <param index="1">
              <value>
                <![CDATA[[Ljava.lang.Object;@7b7fdc8]]>
              </value>
            </param>
          </params>
          <reporter-output>
          </reporter-output>
        </test-method> <!-- bm -->
        <test-method status="FAIL" signature="test(java.lang.String, java.lang.String, java.lang.String, java.lang.String, java.lang.String)[pri:0, instance:core.AppTestTest@6ea12c19]" test-instance-name="Confirmation Button (Back)" name="test" duration-ms="4804" started-at="2017-02-27T21:53:57Z" data-provider="dp" finished-at="2017-02-27T21:54:02Z">
          <params>
            <param index="0">
              <value>
                <![CDATA[Field (first name)]]>
              </value>
            </param>
            <param index="1">
              <value>
                <![CDATA[index.php]]>
              </value>
            </param>
            <param index="2">
              <value>
                <![CDATA[id_fname]]>
              </value>
            </param>
            <param index="3">
              <value>
                <![CDATA[(386, 43)]]>
              </value>
            </param>
            <param index="4">
              <value>
                <![CDATA[ (554, 183)]]>
              </value>
            </param>
          </params>
          <exception class="java.lang.AssertionError">
            <message>
              <![CDATA[
Expected: " (554, 183)"
     but: was "(554, 183)"]]>
            </message>
            <full-stacktrace>
              <![CDATA[java.lang.AssertionError: 
Expected: " (554, 183)"
     but: was "(554, 183)"
	at org.hamcrest.MatcherAssert.assertThat(MatcherAssert.java:20)
	at org.hamcrest.MatcherAssert.assertThat(MatcherAssert.java:8)
	at core.AppTestTest.test(AppTestTest.java:69)
	at sun.reflect.NativeMethodAccessorImpl.invoke0(Native Method)
	at sun.reflect.NativeMethodAccessorImpl.invoke(NativeMethodAccessorImpl.java:62)
	at sun.reflect.DelegatingMethodAccessorImpl.invoke(DelegatingMethodAccessorImpl.java:43)
	at java.lang.reflect.Method.invoke(Method.java:498)
	at org.testng.internal.MethodInvocationHelper.invokeMethod(MethodInvocationHelper.java:104)
	at org.testng.internal.Invoker.invokeMethod(Invoker.java:645)
	at org.testng.internal.Invoker.invokeTestMethod(Invoker.java:851)
	at org.testng.internal.Invoker.invokeTestMethods(Invoker.java:1177)
	at org.testng.internal.TestMethodWorker.invokeTestMethods(TestMethodWorker.java:129)
	at org.testng.internal.TestMethodWorker.run(TestMethodWorker.java:112)
	at org.testng.TestRunner.privateRun(TestRunner.java:756)
	at org.testng.TestRunner.run(TestRunner.java:610)
	at org.testng.SuiteRunner.runTest(SuiteRunner.java:387)
	at org.testng.SuiteRunner.runSequentially(SuiteRunner.java:382)
	at org.testng.SuiteRunner.privateRun(SuiteRunner.java:340)
	at org.testng.SuiteRunner.run(SuiteRunner.java:289)
	at org.testng.SuiteRunnerWorker.runSuite(SuiteRunnerWorker.java:52)
	at org.testng.SuiteRunnerWorker.run(SuiteRunnerWorker.java:86)
	at org.testng.TestNG.runSuitesSequentially(TestNG.java:1293)
	at org.testng.TestNG.runSuitesLocally(TestNG.java:1218)
	at org.testng.TestNG.runSuites(TestNG.java:1133)
	at org.testng.TestNG.run(TestNG.java:1104)
	at org.apache.maven.surefire.testng.TestNGExecutor.run(TestNGExecutor.java:77)
	at org.apache.maven.surefire.testng.TestNGDirectoryTestSuite.execute(TestNGDirectoryTestSuite.java:110)
	at org.apache.maven.surefire.testng.TestNGProvider.invoke(TestNGProvider.java:106)
	at sun.reflect.NativeMethodAccessorImpl.invoke0(Native Method)
	at sun.reflect.NativeMethodAccessorImpl.invoke(NativeMethodAccessorImpl.java:62)
	at sun.reflect.DelegatingMethodAccessorImpl.invoke(DelegatingMethodAccessorImpl.java:43)
	at java.lang.reflect.Method.invoke(Method.java:498)
	at org.apache.maven.surefire.util.ReflectionUtils.invokeMethodWithArray(ReflectionUtils.java:189)
	at org.apache.maven.surefire.booter.ProviderFactory$ProviderProxy.invoke(ProviderFactory.java:165)
	at org.apache.maven.surefire.booter.ProviderFactory.invokeProvider(ProviderFactory.java:85)
	at org.apache.maven.surefire.booter.ForkedBooter.runSuitesInProcess(ForkedBooter.java:115)
	at org.apache.maven.surefire.booter.ForkedBooter.main(ForkedBooter.java:75)
]]>
            </full-stacktrace>
          </exception> <!-- java.lang.AssertionError -->
          <reporter-output>
          </reporter-output>
        </test-method> <!-- test -->
        <test-method status="PASS" signature="am()[pri:0, instance:core.AppTestTest@6ea12c19]" test-instance-name="Confirmation Button (Back)" name="am" is-config="true" duration-ms="86" started-at="2017-02-27T21:54:02Z" finished-at="2017-02-27T21:54:02Z">
          <reporter-output>
          </reporter-output>
        </test-method> <!-- am -->
        <test-method status="FAIL" signature="test(java.lang.String, java.lang.String, java.lang.String, java.lang.String, java.lang.String)[pri:0, instance:core.AppTestTest@6ea12c19]" test-instance-name="Confirmation Button (Back)" name="test" duration-ms="4522" started-at="2017-02-27T21:54:02Z" data-provider="dp" finished-at="2017-02-27T21:54:06Z">
          <params>
            <param index="0">
              <value>
                <![CDATA[Label (last name)]]>
              </value>
            </param>
            <param index="1">
              <value>
                <![CDATA[index.php]]>
              </value>
            </param>
            <param index="2">
              <value>
                <![CDATA[id_f_label_ln]]>
              </value>
            </param>
            <param index="3">
              <value>
                <![CDATA[(103, 24)]]>
              </value>
            </param>
            <param index="4">
              <value>
                <![CDATA[ (979, 153)]]>
              </value>
            </param>
          </params>
          <exception class="java.lang.AssertionError">
            <message>
              <![CDATA[
Expected: " (979, 153)"
     but: was "(979, 153)"]]>
            </message>
            <full-stacktrace>
              <![CDATA[java.lang.AssertionError: 
Expected: " (979, 153)"
     but: was "(979, 153)"
	at org.hamcrest.MatcherAssert.assertThat(MatcherAssert.java:20)
	at org.hamcrest.MatcherAssert.assertThat(MatcherAssert.java:8)
	at core.AppTestTest.test(AppTestTest.java:69)
	at sun.reflect.NativeMethodAccessorImpl.invoke0(Native Method)
	at sun.reflect.NativeMethodAccessorImpl.invoke(NativeMethodAccessorImpl.java:62)
	at sun.reflect.DelegatingMethodAccessorImpl.invoke(DelegatingMethodAccessorImpl.java:43)
	at java.lang.reflect.Method.invoke(Method.java:498)
	at org.testng.internal.MethodInvocationHelper.invokeMethod(MethodInvocationHelper.java:104)
	at org.testng.internal.Invoker.invokeMethod(Invoker.java:645)
	at org.testng.internal.Invoker.invokeTestMethod(Invoker.java:851)
	at org.testng.internal.Invoker.invokeTestMethods(Invoker.java:1177)
	at org.testng.internal.TestMethodWorker.invokeTestMethods(TestMethodWorker.java:129)
	at org.testng.internal.TestMethodWorker.run(TestMethodWorker.java:112)
	at org.testng.TestRunner.privateRun(TestRunner.java:756)
	at org.testng.TestRunner.run(TestRunner.java:610)
	at org.testng.SuiteRunner.runTest(SuiteRunner.java:387)
	at org.testng.SuiteRunner.runSequentially(SuiteRunner.java:382)
	at org.testng.SuiteRunner.privateRun(SuiteRunner.java:340)
	at org.testng.SuiteRunner.run(SuiteRunner.java:289)
	at org.testng.SuiteRunnerWorker.runSuite(SuiteRunnerWorker.java:52)
	at org.testng.SuiteRunnerWorker.run(SuiteRunnerWorker.java:86)
	at org.testng.TestNG.runSuitesSequentially(TestNG.java:1293)
	at org.testng.TestNG.runSuitesLocally(TestNG.java:1218)
	at org.testng.TestNG.runSuites(TestNG.java:1133)
	at org.testng.TestNG.run(TestNG.java:1104)
	at org.apache.maven.surefire.testng.TestNGExecutor.run(TestNGExecutor.java:77)
	at org.apache.maven.surefire.testng.TestNGDirectoryTestSuite.execute(TestNGDirectoryTestSuite.java:110)
	at org.apache.maven.surefire.testng.TestNGProvider.invoke(TestNGProvider.java:106)
	at sun.reflect.NativeMethodAccessorImpl.invoke0(Native Method)
	at sun.reflect.NativeMethodAccessorImpl.invoke(NativeMethodAccessorImpl.java:62)
	at sun.reflect.DelegatingMethodAccessorImpl.invoke(DelegatingMethodAccessorImpl.java:43)
	at java.lang.reflect.Method.invoke(Method.java:498)
	at org.apache.maven.surefire.util.ReflectionUtils.invokeMethodWithArray(ReflectionUtils.java:189)
	at org.apache.maven.surefire.booter.ProviderFactory$ProviderProxy.invoke(ProviderFactory.java:165)
	at org.apache.maven.surefire.booter.ProviderFactory.invokeProvider(ProviderFactory.java:85)
	at org.apache.maven.surefire.booter.ForkedBooter.runSuitesInProcess(ForkedBooter.java:115)
	at org.apache.maven.surefire.booter.ForkedBooter.main(ForkedBooter.java:75)
]]>
            </full-stacktrace>
          </exception> <!-- java.lang.AssertionError -->
          <reporter-output>
          </reporter-output>
        </test-method> <!-- test -->
        <test-method status="PASS" signature="bm(java.lang.reflect.Method, [Ljava.lang.Object;)[pri:0, instance:core.AppTestTest@6ea12c19]" test-instance-name="Confirmation Button (Back)" name="bm" is-config="true" duration-ms="0" started-at="2017-02-27T21:54:02Z" finished-at="2017-02-27T21:54:02Z">
          <params>
            <param index="0">
              <value>
                <![CDATA[public void core.AppTestTest.test(java.lang.String,java.lang.String,java.lang.String,java.lang.String,java.lang.String)]]>
              </value>
            </param>
            <param index="1">
              <value>
                <![CDATA[[Ljava.lang.Object;@51c693d]]>
              </value>
            </param>
          </params>
          <reporter-output>
          </reporter-output>
        </test-method> <!-- bm -->
        <test-method status="PASS" signature="am()[pri:0, instance:core.AppTestTest@6ea12c19]" test-instance-name="Confirmation Button (Back)" name="am" is-config="true" duration-ms="94" started-at="2017-02-27T21:54:06Z" finished-at="2017-02-27T21:54:07Z">
          <reporter-output>
          </reporter-output>
        </test-method> <!-- am -->
        <test-method status="PASS" signature="test(java.lang.String, java.lang.String, java.lang.String, java.lang.String, java.lang.String)[pri:0, instance:core.AppTestTest@6ea12c19]" test-instance-name="Confirmation Button (Back)" name="test" duration-ms="4926" started-at="2017-02-27T21:54:07Z" data-provider="dp" finished-at="2017-02-27T21:54:11Z">
          <params>
            <param index="0">
              <value>
                <![CDATA[Field (last name)]]>
              </value>
            </param>
            <param index="1">
              <value>
                <![CDATA[index.php]]>
              </value>
            </param>
            <param index="2">
              <value>
                <![CDATA[id_lname]]>
              </value>
            </param>
            <param index="3">
              <value>
                <![CDATA[(386, 43)]]>
              </value>
            </param>
            <param index="4">
              <value>
                <![CDATA[(979, 183)]]>
              </value>
            </param>
          </params>
          <reporter-output>
          </reporter-output>
        </test-method> <!-- test -->
        <test-method status="PASS" signature="bm(java.lang.reflect.Method, [Ljava.lang.Object;)[pri:0, instance:core.AppTestTest@6ea12c19]" test-instance-name="Confirmation Button (Back)" name="bm" is-config="true" duration-ms="0" started-at="2017-02-27T21:54:07Z" finished-at="2017-02-27T21:54:07Z">
          <params>
            <param index="0">
              <value>
                <![CDATA[public void core.AppTestTest.test(java.lang.String,java.lang.String,java.lang.String,java.lang.String,java.lang.String)]]>
              </value>
            </param>
            <param index="1">
              <value>
                <![CDATA[[Ljava.lang.Object;@6a57ae10]]>
              </value>
            </param>
          </params>
          <reporter-output>
          </reporter-output>
        </test-method> <!-- bm -->
        <test-method status="PASS" signature="am()[pri:0, instance:core.AppTestTest@6ea12c19]" test-instance-name="Confirmation Button (Back)" name="am" is-config="true" duration-ms="59" started-at="2017-02-27T21:54:11Z" finished-at="2017-02-27T21:54:11Z">
          <reporter-output>
          </reporter-output>
        </test-method> <!-- am -->
        <test-method status="PASS" signature="test(java.lang.String, java.lang.String, java.lang.String, java.lang.String, java.lang.String)[pri:0, instance:core.AppTestTest@6ea12c19]" test-instance-name="Confirmation Button (Back)" name="test" duration-ms="5024" started-at="2017-02-27T21:54:11Z" data-provider="dp" finished-at="2017-02-27T21:54:17Z">
          <params>
            <param index="0">
              <value>
                <![CDATA[Label (email address)]]>
              </value>
            </param>
            <param index="1">
              <value>
                <![CDATA[index.php]]>
              </value>
            </param>
            <param index="2">
              <value>
                <![CDATA[id_f_label_ea]]>
              </value>
            </param>
            <param index="3">
              <value>
                <![CDATA[(138, 24)]]>
              </value>
            </param>
            <param index="4">
              <value>
                <![CDATA[(554, 233)]]>
              </value>
            </param>
          </params>
          <reporter-output>
          </reporter-output>
        </test-method> <!-- test -->
        <test-method status="PASS" signature="bm(java.lang.reflect.Method, [Ljava.lang.Object;)[pri:0, instance:core.AppTestTest@6ea12c19]" test-instance-name="Confirmation Button (Back)" name="bm" is-config="true" duration-ms="0" started-at="2017-02-27T21:54:11Z" finished-at="2017-02-27T21:54:11Z">
          <params>
            <param index="0">
              <value>
                <![CDATA[public void core.AppTestTest.test(java.lang.String,java.lang.String,java.lang.String,java.lang.String,java.lang.String)]]>
              </value>
            </param>
            <param index="1">
              <value>
                <![CDATA[[Ljava.lang.Object;@766653e6]]>
              </value>
            </param>
          </params>
          <reporter-output>
          </reporter-output>
        </test-method> <!-- bm -->
        <test-method status="PASS" signature="am()[pri:0, instance:core.AppTestTest@6ea12c19]" test-instance-name="Confirmation Button (Back)" name="am" is-config="true" duration-ms="90" started-at="2017-02-27T21:54:17Z" finished-at="2017-02-27T21:54:17Z">
          <reporter-output>
          </reporter-output>
        </test-method> <!-- am -->
        <test-method status="FAIL" signature="test(java.lang.String, java.lang.String, java.lang.String, java.lang.String, java.lang.String)[pri:0, instance:core.AppTestTest@6ea12c19]" test-instance-name="Confirmation Button (Back)" name="test" duration-ms="4582" started-at="2017-02-27T21:54:17Z" data-provider="dp" finished-at="2017-02-27T21:54:21Z">
          <params>
            <param index="0">
              <value>
                <![CDATA[Field (email address)]]>
              </value>
            </param>
            <param index="1">
              <value>
                <![CDATA[index.php]]>
              </value>
            </param>
            <param index="2">
              <value>
                <![CDATA[id_email]]>
              </value>
            </param>
            <param index="3">
              <value>
                <![CDATA[(386, 43)]]>
              </value>
            </param>
            <param index="4">
              <value>
                <![CDATA[ (554, 263)]]>
              </value>
            </param>
          </params>
          <exception class="java.lang.AssertionError">
            <message>
              <![CDATA[
Expected: " (554, 263)"
     but: was "(554, 263)"]]>
            </message>
            <full-stacktrace>
              <![CDATA[java.lang.AssertionError: 
Expected: " (554, 263)"
     but: was "(554, 263)"
	at org.hamcrest.MatcherAssert.assertThat(MatcherAssert.java:20)
	at org.hamcrest.MatcherAssert.assertThat(MatcherAssert.java:8)
	at core.AppTestTest.test(AppTestTest.java:69)
	at sun.reflect.NativeMethodAccessorImpl.invoke0(Native Method)
	at sun.reflect.NativeMethodAccessorImpl.invoke(NativeMethodAccessorImpl.java:62)
	at sun.reflect.DelegatingMethodAccessorImpl.invoke(DelegatingMethodAccessorImpl.java:43)
	at java.lang.reflect.Method.invoke(Method.java:498)
	at org.testng.internal.MethodInvocationHelper.invokeMethod(MethodInvocationHelper.java:104)
	at org.testng.internal.Invoker.invokeMethod(Invoker.java:645)
	at org.testng.internal.Invoker.invokeTestMethod(Invoker.java:851)
	at org.testng.internal.Invoker.invokeTestMethods(Invoker.java:1177)
	at org.testng.internal.TestMethodWorker.invokeTestMethods(TestMethodWorker.java:129)
	at org.testng.internal.TestMethodWorker.run(TestMethodWorker.java:112)
	at org.testng.TestRunner.privateRun(TestRunner.java:756)
	at org.testng.TestRunner.run(TestRunner.java:610)
	at org.testng.SuiteRunner.runTest(SuiteRunner.java:387)
	at org.testng.SuiteRunner.runSequentially(SuiteRunner.java:382)
	at org.testng.SuiteRunner.privateRun(SuiteRunner.java:340)
	at org.testng.SuiteRunner.run(SuiteRunner.java:289)
	at org.testng.SuiteRunnerWorker.runSuite(SuiteRunnerWorker.java:52)
	at org.testng.SuiteRunnerWorker.run(SuiteRunnerWorker.java:86)
	at org.testng.TestNG.runSuitesSequentially(TestNG.java:1293)
	at org.testng.TestNG.runSuitesLocally(TestNG.java:1218)
	at org.testng.TestNG.runSuites(TestNG.java:1133)
	at org.testng.TestNG.run(TestNG.java:1104)
	at org.apache.maven.surefire.testng.TestNGExecutor.run(TestNGExecutor.java:77)
	at org.apache.maven.surefire.testng.TestNGDirectoryTestSuite.execute(TestNGDirectoryTestSuite.java:110)
	at org.apache.maven.surefire.testng.TestNGProvider.invoke(TestNGProvider.java:106)
	at sun.reflect.NativeMethodAccessorImpl.invoke0(Native Method)
	at sun.reflect.NativeMethodAccessorImpl.invoke(NativeMethodAccessorImpl.java:62)
	at sun.reflect.DelegatingMethodAccessorImpl.invoke(DelegatingMethodAccessorImpl.java:43)
	at java.lang.reflect.Method.invoke(Method.java:498)
	at org.apache.maven.surefire.util.ReflectionUtils.invokeMethodWithArray(ReflectionUtils.java:189)
	at org.apache.maven.surefire.booter.ProviderFactory$ProviderProxy.invoke(ProviderFactory.java:165)
	at org.apache.maven.surefire.booter.ProviderFactory.invokeProvider(ProviderFactory.java:85)
	at org.apache.maven.surefire.booter.ForkedBooter.runSuitesInProcess(ForkedBooter.java:115)
	at org.apache.maven.surefire.booter.ForkedBooter.main(ForkedBooter.java:75)
]]>
            </full-stacktrace>
          </exception> <!-- java.lang.AssertionError -->
          <reporter-output>
          </reporter-output>
        </test-method> <!-- test -->
        <test-method status="PASS" signature="bm(java.lang.reflect.Method, [Ljava.lang.Object;)[pri:0, instance:core.AppTestTest@6ea12c19]" test-instance-name="Confirmation Button (Back)" name="bm" is-config="true" duration-ms="0" started-at="2017-02-27T21:54:17Z" finished-at="2017-02-27T21:54:17Z">
          <params>
            <param index="0">
              <value>
                <![CDATA[public void core.AppTestTest.test(java.lang.String,java.lang.String,java.lang.String,java.lang.String,java.lang.String)]]>
              </value>
            </param>
            <param index="1">
              <value>
                <![CDATA[[Ljava.lang.Object;@4e07b95f]]>
              </value>
            </param>
          </params>
          <reporter-output>
          </reporter-output>
        </test-method> <!-- bm -->
        <test-method status="PASS" signature="am()[pri:0, instance:core.AppTestTest@6ea12c19]" test-instance-name="Confirmation Button (Back)" name="am" is-config="true" duration-ms="80" started-at="2017-02-27T21:54:21Z" finished-at="2017-02-27T21:54:21Z">
          <reporter-output>
          </reporter-output>
        </test-method> <!-- am -->
        <test-method status="PASS" signature="bm(java.lang.reflect.Method, [Ljava.lang.Object;)[pri:0, instance:core.AppTestTest@6ea12c19]" test-instance-name="Confirmation Button (Back)" name="bm" is-config="true" duration-ms="0" started-at="2017-02-27T21:54:21Z" finished-at="2017-02-27T21:54:21Z">
          <params>
            <param index="0">
              <value>
                <![CDATA[public void core.AppTestTest.test(java.lang.String,java.lang.String,java.lang.String,java.lang.String,java.lang.String)]]>
              </value>
            </param>
            <param index="1">
              <value>
                <![CDATA[[Ljava.lang.Object;@28b46423]]>
              </value>
            </param>
          </params>
          <reporter-output>
          </reporter-output>
        </test-method> <!-- bm -->
        <test-method status="PASS" signature="test(java.lang.String, java.lang.String, java.lang.String, java.lang.String, java.lang.String)[pri:0, instance:core.AppTestTest@6ea12c19]" test-instance-name="Confirmation Button (Back)" name="test" duration-ms="3938" started-at="2017-02-27T21:54:21Z" data-provider="dp" finished-at="2017-02-27T21:54:25Z">
          <params>
            <param index="0">
              <value>
                <![CDATA[Label (phone number)]]>
              </value>
            </param>
            <param index="1">
              <value>
                <![CDATA[index.php]]>
              </value>
            </param>
            <param index="2">
              <value>
                <![CDATA[id_f_label_pn]]>
              </value>
            </param>
            <param index="3">
              <value>
                <![CDATA[(143, 24)]]>
              </value>
            </param>
            <param index="4">
              <value>
                <![CDATA[(979, 233)]]>
              </value>
            </param>
          </params>
          <reporter-output>
          </reporter-output>
        </test-method> <!-- test -->
        <test-method status="PASS" signature="am()[pri:0, instance:core.AppTestTest@6ea12c19]" test-instance-name="Confirmation Button (Back)" name="am" is-config="true" duration-ms="103" started-at="2017-02-27T21:54:25Z" finished-at="2017-02-27T21:54:25Z">
          <reporter-output>
          </reporter-output>
        </test-method> <!-- am -->
        <test-method status="PASS" signature="test(java.lang.String, java.lang.String, java.lang.String, java.lang.String, java.lang.String)[pri:0, instance:core.AppTestTest@6ea12c19]" test-instance-name="Confirmation Button (Back)" name="test" duration-ms="4783" started-at="2017-02-27T21:54:25Z" data-provider="dp" finished-at="2017-02-27T21:54:30Z">
          <params>
            <param index="0">
              <value>
                <![CDATA[Field (phone number)]]>
              </value>
            </param>
            <param index="1">
              <value>
                <![CDATA[index.php]]>
              </value>
            </param>
            <param index="2">
              <value>
                <![CDATA[id_phone]]>
              </value>
            </param>
            <param index="3">
              <value>
                <![CDATA[(386, 43)]]>
              </value>
            </param>
            <param index="4">
              <value>
                <![CDATA[(979, 263)]]>
              </value>
            </param>
          </params>
          <reporter-output>
          </reporter-output>
        </test-method> <!-- test -->
        <test-method status="PASS" signature="bm(java.lang.reflect.Method, [Ljava.lang.Object;)[pri:0, instance:core.AppTestTest@6ea12c19]" test-instance-name="Confirmation Button (Back)" name="bm" is-config="true" duration-ms="0" started-at="2017-02-27T21:54:25Z" finished-at="2017-02-27T21:54:25Z">
          <params>
            <param index="0">
              <value>
                <![CDATA[public void core.AppTestTest.test(java.lang.String,java.lang.String,java.lang.String,java.lang.String,java.lang.String)]]>
              </value>
            </param>
            <param index="1">
              <value>
                <![CDATA[[Ljava.lang.Object;@7fc4780b]]>
              </value>
            </param>
          </params>
          <reporter-output>
          </reporter-output>
        </test-method> <!-- bm -->
        <test-method status="PASS" signature="am()[pri:0, instance:core.AppTestTest@6ea12c19]" test-instance-name="Confirmation Button (Back)" name="am" is-config="true" duration-ms="62" started-at="2017-02-27T21:54:30Z" finished-at="2017-02-27T21:54:30Z">
          <reporter-output>
          </reporter-output>
        </test-method> <!-- am -->
        <test-method status="FAIL" signature="test(java.lang.String, java.lang.String, java.lang.String, java.lang.String, java.lang.String)[pri:0, instance:core.AppTestTest@6ea12c19]" test-instance-name="Confirmation Button (Back)" name="test" duration-ms="4667" started-at="2017-02-27T21:54:30Z" data-provider="dp" finished-at="2017-02-27T21:54:35Z">
          <params>
            <param index="0">
              <value>
                <![CDATA[Label (radio male)]]>
              </value>
            </param>
            <param index="1">
              <value>
                <![CDATA[index.php]]>
              </value>
            </param>
            <param index="2">
              <value>
                <![CDATA[id_r_label_m]]>
              </value>
            </param>
            <param index="3">
              <value>
                <![CDATA[(44, 22)]]>
              </value>
            </param>
            <param index="4">
              <value>
                <![CDATA[ (606, 355)]]>
              </value>
            </param>
          </params>
          <exception class="java.lang.AssertionError">
            <message>
              <![CDATA[
Expected: " (606, 355)"
     but: was "(606, 355)"]]>
            </message>
            <full-stacktrace>
              <![CDATA[java.lang.AssertionError: 
Expected: " (606, 355)"
     but: was "(606, 355)"
	at org.hamcrest.MatcherAssert.assertThat(MatcherAssert.java:20)
	at org.hamcrest.MatcherAssert.assertThat(MatcherAssert.java:8)
	at core.AppTestTest.test(AppTestTest.java:69)
	at sun.reflect.NativeMethodAccessorImpl.invoke0(Native Method)
	at sun.reflect.NativeMethodAccessorImpl.invoke(NativeMethodAccessorImpl.java:62)
	at sun.reflect.DelegatingMethodAccessorImpl.invoke(DelegatingMethodAccessorImpl.java:43)
	at java.lang.reflect.Method.invoke(Method.java:498)
	at org.testng.internal.MethodInvocationHelper.invokeMethod(MethodInvocationHelper.java:104)
	at org.testng.internal.Invoker.invokeMethod(Invoker.java:645)
	at org.testng.internal.Invoker.invokeTestMethod(Invoker.java:851)
	at org.testng.internal.Invoker.invokeTestMethods(Invoker.java:1177)
	at org.testng.internal.TestMethodWorker.invokeTestMethods(TestMethodWorker.java:129)
	at org.testng.internal.TestMethodWorker.run(TestMethodWorker.java:112)
	at org.testng.TestRunner.privateRun(TestRunner.java:756)
	at org.testng.TestRunner.run(TestRunner.java:610)
	at org.testng.SuiteRunner.runTest(SuiteRunner.java:387)
	at org.testng.SuiteRunner.runSequentially(SuiteRunner.java:382)
	at org.testng.SuiteRunner.privateRun(SuiteRunner.java:340)
	at org.testng.SuiteRunner.run(SuiteRunner.java:289)
	at org.testng.SuiteRunnerWorker.runSuite(SuiteRunnerWorker.java:52)
	at org.testng.SuiteRunnerWorker.run(SuiteRunnerWorker.java:86)
	at org.testng.TestNG.runSuitesSequentially(TestNG.java:1293)
	at org.testng.TestNG.runSuitesLocally(TestNG.java:1218)
	at org.testng.TestNG.runSuites(TestNG.java:1133)
	at org.testng.TestNG.run(TestNG.java:1104)
	at org.apache.maven.surefire.testng.TestNGExecutor.run(TestNGExecutor.java:77)
	at org.apache.maven.surefire.testng.TestNGDirectoryTestSuite.execute(TestNGDirectoryTestSuite.java:110)
	at org.apache.maven.surefire.testng.TestNGProvider.invoke(TestNGProvider.java:106)
	at sun.reflect.NativeMethodAccessorImpl.invoke0(Native Method)
	at sun.reflect.NativeMethodAccessorImpl.invoke(NativeMethodAccessorImpl.java:62)
	at sun.reflect.DelegatingMethodAccessorImpl.invoke(DelegatingMethodAccessorImpl.java:43)
	at java.lang.reflect.Method.invoke(Method.java:498)
	at org.apache.maven.surefire.util.ReflectionUtils.invokeMethodWithArray(ReflectionUtils.java:189)
	at org.apache.maven.surefire.booter.ProviderFactory$ProviderProxy.invoke(ProviderFactory.java:165)
	at org.apache.maven.surefire.booter.ProviderFactory.invokeProvider(ProviderFactory.java:85)
	at org.apache.maven.surefire.booter.ForkedBooter.runSuitesInProcess(ForkedBooter.java:115)
	at org.apache.maven.surefire.booter.ForkedBooter.main(ForkedBooter.java:75)
]]>
            </full-stacktrace>
          </exception> <!-- java.lang.AssertionError -->
          <reporter-output>
          </reporter-output>
        </test-method> <!-- test -->
        <test-method status="PASS" signature="bm(java.lang.reflect.Method, [Ljava.lang.Object;)[pri:0, instance:core.AppTestTest@6ea12c19]" test-instance-name="Confirmation Button (Back)" name="bm" is-config="true" duration-ms="0" started-at="2017-02-27T21:54:30Z" finished-at="2017-02-27T21:54:30Z">
          <params>
            <param index="0">
              <value>
                <![CDATA[public void core.AppTestTest.test(java.lang.String,java.lang.String,java.lang.String,java.lang.String,java.lang.String)]]>
              </value>
            </param>
            <param index="1">
              <value>
                <![CDATA[[Ljava.lang.Object;@3b79fd76]]>
              </value>
            </param>
          </params>
          <reporter-output>
          </reporter-output>
        </test-method> <!-- bm -->
        <test-method status="PASS" signature="am()[pri:0, instance:core.AppTestTest@6ea12c19]" test-instance-name="Confirmation Button (Back)" name="am" is-config="true" duration-ms="81" started-at="2017-02-27T21:54:35Z" finished-at="2017-02-27T21:54:35Z">
          <reporter-output>
          </reporter-output>
        </test-method> <!-- am -->
        <test-method status="FAIL" signature="test(java.lang.String, java.lang.String, java.lang.String, java.lang.String, java.lang.String)[pri:0, instance:core.AppTestTest@6ea12c19]" test-instance-name="Confirmation Button (Back)" name="test" duration-ms="4571" started-at="2017-02-27T21:54:35Z" data-provider="dp" finished-at="2017-02-27T21:54:39Z">
          <params>
            <param index="0">
              <value>
                <![CDATA[Radio Button (male)]]>
              </value>
            </param>
            <param index="1">
              <value>
                <![CDATA[index.php]]>
              </value>
            </param>
            <param index="2">
              <value>
                <![CDATA[id_g_radio_01]]>
              </value>
            </param>
            <param index="3">
              <value>
                <![CDATA[(26, 26)]]>
              </value>
            </param>
            <param index="4">
              <value>
                <![CDATA[ (566, 354)]]>
              </value>
            </param>
          </params>
          <exception class="java.lang.AssertionError">
            <message>
              <![CDATA[
Expected: " (566, 354)"
     but: was "(566, 354)"]]>
            </message>
            <full-stacktrace>
              <![CDATA[java.lang.AssertionError: 
Expected: " (566, 354)"
     but: was "(566, 354)"
	at org.hamcrest.MatcherAssert.assertThat(MatcherAssert.java:20)
	at org.hamcrest.MatcherAssert.assertThat(MatcherAssert.java:8)
	at core.AppTestTest.test(AppTestTest.java:69)
	at sun.reflect.NativeMethodAccessorImpl.invoke0(Native Method)
	at sun.reflect.NativeMethodAccessorImpl.invoke(NativeMethodAccessorImpl.java:62)
	at sun.reflect.DelegatingMethodAccessorImpl.invoke(DelegatingMethodAccessorImpl.java:43)
	at java.lang.reflect.Method.invoke(Method.java:498)
	at org.testng.internal.MethodInvocationHelper.invokeMethod(MethodInvocationHelper.java:104)
	at org.testng.internal.Invoker.invokeMethod(Invoker.java:645)
	at org.testng.internal.Invoker.invokeTestMethod(Invoker.java:851)
	at org.testng.internal.Invoker.invokeTestMethods(Invoker.java:1177)
	at org.testng.internal.TestMethodWorker.invokeTestMethods(TestMethodWorker.java:129)
	at org.testng.internal.TestMethodWorker.run(TestMethodWorker.java:112)
	at org.testng.TestRunner.privateRun(TestRunner.java:756)
	at org.testng.TestRunner.run(TestRunner.java:610)
	at org.testng.SuiteRunner.runTest(SuiteRunner.java:387)
	at org.testng.SuiteRunner.runSequentially(SuiteRunner.java:382)
	at org.testng.SuiteRunner.privateRun(SuiteRunner.java:340)
	at org.testng.SuiteRunner.run(SuiteRunner.java:289)
	at org.testng.SuiteRunnerWorker.runSuite(SuiteRunnerWorker.java:52)
	at org.testng.SuiteRunnerWorker.run(SuiteRunnerWorker.java:86)
	at org.testng.TestNG.runSuitesSequentially(TestNG.java:1293)
	at org.testng.TestNG.runSuitesLocally(TestNG.java:1218)
	at org.testng.TestNG.runSuites(TestNG.java:1133)
	at org.testng.TestNG.run(TestNG.java:1104)
	at org.apache.maven.surefire.testng.TestNGExecutor.run(TestNGExecutor.java:77)
	at org.apache.maven.surefire.testng.TestNGDirectoryTestSuite.execute(TestNGDirectoryTestSuite.java:110)
	at org.apache.maven.surefire.testng.TestNGProvider.invoke(TestNGProvider.java:106)
	at sun.reflect.NativeMethodAccessorImpl.invoke0(Native Method)
	at sun.reflect.NativeMethodAccessorImpl.invoke(NativeMethodAccessorImpl.java:62)
	at sun.reflect.DelegatingMethodAccessorImpl.invoke(DelegatingMethodAccessorImpl.java:43)
	at java.lang.reflect.Method.invoke(Method.java:498)
	at org.apache.maven.surefire.util.ReflectionUtils.invokeMethodWithArray(ReflectionUtils.java:189)
	at org.apache.maven.surefire.booter.ProviderFactory$ProviderProxy.invoke(ProviderFactory.java:165)
	at org.apache.maven.surefire.booter.ProviderFactory.invokeProvider(ProviderFactory.java:85)
	at org.apache.maven.surefire.booter.ForkedBooter.runSuitesInProcess(ForkedBooter.java:115)
	at org.apache.maven.surefire.booter.ForkedBooter.main(ForkedBooter.java:75)
]]>
            </full-stacktrace>
          </exception> <!-- java.lang.AssertionError -->
          <reporter-output>
          </reporter-output>
        </test-method> <!-- test -->
        <test-method status="PASS" signature="bm(java.lang.reflect.Method, [Ljava.lang.Object;)[pri:0, instance:core.AppTestTest@6ea12c19]" test-instance-name="Confirmation Button (Back)" name="bm" is-config="true" duration-ms="0" started-at="2017-02-27T21:54:35Z" finished-at="2017-02-27T21:54:35Z">
          <params>
            <param index="0">
              <value>
                <![CDATA[public void core.AppTestTest.test(java.lang.String,java.lang.String,java.lang.String,java.lang.String,java.lang.String)]]>
              </value>
            </param>
            <param index="1">
              <value>
                <![CDATA[[Ljava.lang.Object;@48c76607]]>
              </value>
            </param>
          </params>
          <reporter-output>
          </reporter-output>
        </test-method> <!-- bm -->
        <test-method status="PASS" signature="am()[pri:0, instance:core.AppTestTest@6ea12c19]" test-instance-name="Confirmation Button (Back)" name="am" is-config="true" duration-ms="81" started-at="2017-02-27T21:54:39Z" finished-at="2017-02-27T21:54:40Z">
          <reporter-output>
          </reporter-output>
        </test-method> <!-- am -->
        <test-method status="PASS" signature="bm(java.lang.reflect.Method, [Ljava.lang.Object;)[pri:0, instance:core.AppTestTest@6ea12c19]" test-instance-name="Confirmation Button (Back)" name="bm" is-config="true" duration-ms="0" started-at="2017-02-27T21:54:40Z" finished-at="2017-02-27T21:54:40Z">
          <params>
            <param index="0">
              <value>
                <![CDATA[public void core.AppTestTest.test(java.lang.String,java.lang.String,java.lang.String,java.lang.String,java.lang.String)]]>
              </value>
            </param>
            <param index="1">
              <value>
                <![CDATA[[Ljava.lang.Object;@43599640]]>
              </value>
            </param>
          </params>
          <reporter-output>
          </reporter-output>
        </test-method> <!-- bm -->
        <test-method status="PASS" signature="test(java.lang.String, java.lang.String, java.lang.String, java.lang.String, java.lang.String)[pri:0, instance:core.AppTestTest@6ea12c19]" test-instance-name="Confirmation Button (Back)" name="test" duration-ms="4681" started-at="2017-02-27T21:54:40Z" data-provider="dp" finished-at="2017-02-27T21:54:44Z">
          <params>
            <param index="0">
              <value>
                <![CDATA[Label (radio female)]]>
              </value>
            </param>
            <param index="1">
              <value>
                <![CDATA[index.php]]>
              </value>
            </param>
            <param index="2">
              <value>
                <![CDATA[id_r_label_f]]>
              </value>
            </param>
            <param index="3">
              <value>
                <![CDATA[(67, 22)]]>
              </value>
            </param>
            <param index="4">
              <value>
                <![CDATA[(785, 355)]]>
              </value>
            </param>
          </params>
          <reporter-output>
          </reporter-output>
        </test-method> <!-- test -->
        <test-method status="PASS" signature="am()[pri:0, instance:core.AppTestTest@6ea12c19]" test-instance-name="Confirmation Button (Back)" name="am" is-config="true" duration-ms="170" started-at="2017-02-27T21:54:44Z" finished-at="2017-02-27T21:54:44Z">
          <reporter-output>
          </reporter-output>
        </test-method> <!-- am -->
        <test-method status="PASS" signature="test(java.lang.String, java.lang.String, java.lang.String, java.lang.String, java.lang.String)[pri:0, instance:core.AppTestTest@6ea12c19]" test-instance-name="Confirmation Button (Back)" name="test" duration-ms="4158" started-at="2017-02-27T21:54:44Z" data-provider="dp" finished-at="2017-02-27T21:54:49Z">
          <params>
            <param index="0">
              <value>
                <![CDATA[Radio Button (female)]]>
              </value>
            </param>
            <param index="1">
              <value>
                <![CDATA[index.php]]>
              </value>
            </param>
            <param index="2">
              <value>
                <![CDATA[id_g_radio_02]]>
              </value>
            </param>
            <param index="3">
              <value>
                <![CDATA[(26, 26)]]>
              </value>
            </param>
            <param index="4">
              <value>
                <![CDATA[(745, 354)]]>
              </value>
            </param>
          </params>
          <reporter-output>
          </reporter-output>
        </test-method> <!-- test -->
        <test-method status="PASS" signature="bm(java.lang.reflect.Method, [Ljava.lang.Object;)[pri:0, instance:core.AppTestTest@6ea12c19]" test-instance-name="Confirmation Button (Back)" name="bm" is-config="true" duration-ms="0" started-at="2017-02-27T21:54:44Z" finished-at="2017-02-27T21:54:44Z">
          <params>
            <param index="0">
              <value>
                <![CDATA[public void core.AppTestTest.test(java.lang.String,java.lang.String,java.lang.String,java.lang.String,java.lang.String)]]>
              </value>
            </param>
            <param index="1">
              <value>
                <![CDATA[[Ljava.lang.Object;@1f81aa00]]>
              </value>
            </param>
          </params>
          <reporter-output>
          </reporter-output>
        </test-method> <!-- bm -->
        <test-method status="PASS" signature="am()[pri:0, instance:core.AppTestTest@6ea12c19]" test-instance-name="Confirmation Button (Back)" name="am" is-config="true" duration-ms="99" started-at="2017-02-27T21:54:49Z" finished-at="2017-02-27T21:54:49Z">
          <reporter-output>
          </reporter-output>
        </test-method> <!-- am -->
        <test-method status="PASS" signature="bm(java.lang.reflect.Method, [Ljava.lang.Object;)[pri:0, instance:core.AppTestTest@6ea12c19]" test-instance-name="Confirmation Button (Back)" name="bm" is-config="true" duration-ms="0" started-at="2017-02-27T21:54:49Z" finished-at="2017-02-27T21:54:49Z">
          <params>
            <param index="0">
              <value>
                <![CDATA[public void core.AppTestTest.test(java.lang.String,java.lang.String,java.lang.String,java.lang.String,java.lang.String)]]>
              </value>
            </param>
            <param index="1">
              <value>
                <![CDATA[[Ljava.lang.Object;@6b6776cb]]>
              </value>
            </param>
          </params>
          <reporter-output>
          </reporter-output>
        </test-method> <!-- bm -->
        <test-method status="PASS" signature="test(java.lang.String, java.lang.String, java.lang.String, java.lang.String, java.lang.String)[pri:0, instance:core.AppTestTest@6ea12c19]" test-instance-name="Confirmation Button (Back)" name="test" duration-ms="4626" started-at="2017-02-27T21:54:49Z" data-provider="dp" finished-at="2017-02-27T21:54:53Z">
          <params>
            <param index="0">
              <value>
                <![CDATA[Label (state)]]>
              </value>
            </param>
            <param index="1">
              <value>
                <![CDATA[index.php]]>
              </value>
            </param>
            <param index="2">
              <value>
                <![CDATA[id_f_label_s]]>
              </value>
            </param>
            <param index="3">
              <value>
                <![CDATA[(50, 24)]]>
              </value>
            </param>
            <param index="4">
              <value>
                <![CDATA[(979, 313)]]>
              </value>
            </param>
          </params>
          <reporter-output>
          </reporter-output>
        </test-method> <!-- test -->
        <test-method status="PASS" signature="am()[pri:0, instance:core.AppTestTest@6ea12c19]" test-instance-name="Confirmation Button (Back)" name="am" is-config="true" duration-ms="85" started-at="2017-02-27T21:54:53Z" finished-at="2017-02-27T21:54:53Z">
          <reporter-output>
          </reporter-output>
        </test-method> <!-- am -->
        <test-method status="PASS" signature="bm(java.lang.reflect.Method, [Ljava.lang.Object;)[pri:0, instance:core.AppTestTest@6ea12c19]" test-instance-name="Confirmation Button (Back)" name="bm" is-config="true" duration-ms="0" started-at="2017-02-27T21:54:53Z" finished-at="2017-02-27T21:54:53Z">
          <params>
            <param index="0">
              <value>
                <![CDATA[public void core.AppTestTest.test(java.lang.String,java.lang.String,java.lang.String,java.lang.String,java.lang.String)]]>
              </value>
            </param>
            <param index="1">
              <value>
                <![CDATA[[Ljava.lang.Object;@1863d2fe]]>
              </value>
            </param>
          </params>
          <reporter-output>
          </reporter-output>
        </test-method> <!-- bm -->
        <test-method status="PASS" signature="test(java.lang.String, java.lang.String, java.lang.String, java.lang.String, java.lang.String)[pri:0, instance:core.AppTestTest@6ea12c19]" test-instance-name="Confirmation Button (Back)" name="test" duration-ms="5421" started-at="2017-02-27T21:54:53Z" data-provider="dp" finished-at="2017-02-27T21:54:59Z">
          <params>
            <param index="0">
              <value>
                <![CDATA[Drop-down List (state)]]>
              </value>
            </param>
            <param index="1">
              <value>
                <![CDATA[index.php]]>
              </value>
            </param>
            <param index="2">
              <value>
                <![CDATA[id_state]]>
              </value>
            </param>
            <param index="3">
              <value>
                <![CDATA[(344, 44)]]>
              </value>
            </param>
            <param index="4">
              <value>
                <![CDATA[(979, 343)]]>
              </value>
            </param>
          </params>
          <reporter-output>
          </reporter-output>
        </test-method> <!-- test -->
        <test-method status="PASS" signature="am()[pri:0, instance:core.AppTestTest@6ea12c19]" test-instance-name="Confirmation Button (Back)" name="am" is-config="true" duration-ms="58" started-at="2017-02-27T21:54:59Z" finished-at="2017-02-27T21:54:59Z">
          <reporter-output>
          </reporter-output>
        </test-method> <!-- am -->
        <test-method status="PASS" signature="bm(java.lang.reflect.Method, [Ljava.lang.Object;)[pri:0, instance:core.AppTestTest@6ea12c19]" test-instance-name="Confirmation Button (Back)" name="bm" is-config="true" duration-ms="0" started-at="2017-02-27T21:54:59Z" finished-at="2017-02-27T21:54:59Z">
          <params>
            <param index="0">
              <value>
                <![CDATA[public void core.AppTestTest.test(java.lang.String,java.lang.String,java.lang.String,java.lang.String,java.lang.String)]]>
              </value>
            </param>
            <param index="1">
              <value>
                <![CDATA[[Ljava.lang.Object;@1787bc24]]>
              </value>
            </param>
          </params>
          <reporter-output>
          </reporter-output>
        </test-method> <!-- bm -->
        <test-method status="PASS" signature="test(java.lang.String, java.lang.String, java.lang.String, java.lang.String, java.lang.String)[pri:0, instance:core.AppTestTest@6ea12c19]" test-instance-name="Confirmation Button (Back)" name="test" duration-ms="5298" started-at="2017-02-27T21:54:59Z" data-provider="dp" finished-at="2017-02-27T21:55:04Z">
          <params>
            <param index="0">
              <value>
                <![CDATA[Label (I agree to the Terms)]]>
              </value>
            </param>
            <param index="1">
              <value>
                <![CDATA[index.php]]>
              </value>
            </param>
            <param index="2">
              <value>
                <![CDATA[id_cb_label]]>
              </value>
            </param>
            <param index="3">
              <value>
                <![CDATA[(231, 30)]]>
              </value>
            </param>
            <param index="4">
              <value>
                <![CDATA[(597, 414)]]>
              </value>
            </param>
          </params>
          <reporter-output>
          </reporter-output>
        </test-method> <!-- test -->
        <test-method status="PASS" signature="am()[pri:0, instance:core.AppTestTest@6ea12c19]" test-instance-name="Confirmation Button (Back)" name="am" is-config="true" duration-ms="90" started-at="2017-02-27T21:55:04Z" finished-at="2017-02-27T21:55:04Z">
          <reporter-output>
          </reporter-output>
        </test-method> <!-- am -->
        <test-method status="PASS" signature="bm(java.lang.reflect.Method, [Ljava.lang.Object;)[pri:0, instance:core.AppTestTest@6ea12c19]" test-instance-name="Confirmation Button (Back)" name="bm" is-config="true" duration-ms="0" started-at="2017-02-27T21:55:04Z" finished-at="2017-02-27T21:55:04Z">
          <params>
            <param index="0">
              <value>
                <![CDATA[public void core.AppTestTest.test(java.lang.String,java.lang.String,java.lang.String,java.lang.String,java.lang.String)]]>
              </value>
            </param>
            <param index="1">
              <value>
                <![CDATA[[Ljava.lang.Object;@544d57e]]>
              </value>
            </param>
          </params>
          <reporter-output>
          </reporter-output>
        </test-method> <!-- bm -->
        <test-method status="PASS" signature="test(java.lang.String, java.lang.String, java.lang.String, java.lang.String, java.lang.String)[pri:0, instance:core.AppTestTest@6ea12c19]" test-instance-name="Confirmation Button (Back)" name="test" duration-ms="4530" started-at="2017-02-27T21:55:04Z" data-provider="dp" finished-at="2017-02-27T21:55:09Z">
          <params>
            <param index="0">
              <value>
                <![CDATA[Checkbox (terms)]]>
              </value>
            </param>
            <param index="1">
              <value>
                <![CDATA[index.php]]>
              </value>
            </param>
            <param index="2">
              <value>
                <![CDATA[id_checkbox]]>
              </value>
            </param>
            <param index="3">
              <value>
                <![CDATA[(26, 26)]]>
              </value>
            </param>
            <param index="4">
              <value>
                <![CDATA[(554, 419)]]>
              </value>
            </param>
          </params>
          <reporter-output>
          </reporter-output>
        </test-method> <!-- test -->
        <test-method status="PASS" signature="am()[pri:0, instance:core.AppTestTest@6ea12c19]" test-instance-name="Confirmation Button (Back)" name="am" is-config="true" duration-ms="57" started-at="2017-02-27T21:55:09Z" finished-at="2017-02-27T21:55:09Z">
          <reporter-output>
          </reporter-output>
        </test-method> <!-- am -->
        <test-method status="PASS" signature="bm(java.lang.reflect.Method, [Ljava.lang.Object;)[pri:0, instance:core.AppTestTest@6ea12c19]" test-instance-name="Confirmation Button (Back)" name="bm" is-config="true" duration-ms="0" started-at="2017-02-27T21:55:09Z" finished-at="2017-02-27T21:55:09Z">
          <params>
            <param index="0">
              <value>
                <![CDATA[public void core.AppTestTest.test(java.lang.String,java.lang.String,java.lang.String,java.lang.String,java.lang.String)]]>
              </value>
            </param>
            <param index="1">
              <value>
                <![CDATA[[Ljava.lang.Object;@55c53a33]]>
              </value>
            </param>
          </params>
          <reporter-output>
          </reporter-output>
        </test-method> <!-- bm -->
        <test-method status="PASS" signature="test(java.lang.String, java.lang.String, java.lang.String, java.lang.String, java.lang.String)[pri:0, instance:core.AppTestTest@6ea12c19]" test-instance-name="Confirmation Button (Back)" name="test" duration-ms="4642" started-at="2017-02-27T21:55:09Z" data-provider="dp" finished-at="2017-02-27T21:55:13Z">
          <params>
            <param index="0">
              <value>
                <![CDATA[Image (facebook)]]>
              </value>
            </param>
            <param index="1">
              <value>
                <![CDATA[index.php]]>
              </value>
            </param>
            <param index="2">
              <value>
                <![CDATA[id_img_facebook]]>
              </value>
            </param>
            <param index="3">
              <value>
                <![CDATA[(60, 60)]]>
              </value>
            </param>
            <param index="4">
              <value>
                <![CDATA[(554, 478)]]>
              </value>
            </param>
          </params>
          <reporter-output>
          </reporter-output>
        </test-method> <!-- test -->
        <test-method status="PASS" signature="am()[pri:0, instance:core.AppTestTest@6ea12c19]" test-instance-name="Confirmation Button (Back)" name="am" is-config="true" duration-ms="53" started-at="2017-02-27T21:55:13Z" finished-at="2017-02-27T21:55:14Z">
          <reporter-output>
          </reporter-output>
        </test-method> <!-- am -->
        <test-method status="PASS" signature="bm(java.lang.reflect.Method, [Ljava.lang.Object;)[pri:0, instance:core.AppTestTest@6ea12c19]" test-instance-name="Confirmation Button (Back)" name="bm" is-config="true" duration-ms="0" started-at="2017-02-27T21:55:14Z" finished-at="2017-02-27T21:55:14Z">
          <params>
            <param index="0">
              <value>
                <![CDATA[public void core.AppTestTest.test(java.lang.String,java.lang.String,java.lang.String,java.lang.String,java.lang.String)]]>
              </value>
            </param>
            <param index="1">
              <value>
                <![CDATA[[Ljava.lang.Object;@53b7f657]]>
              </value>
            </param>
          </params>
          <reporter-output>
          </reporter-output>
        </test-method> <!-- bm -->
        <test-method status="PASS" signature="test(java.lang.String, java.lang.String, java.lang.String, java.lang.String, java.lang.String)[pri:0, instance:core.AppTestTest@6ea12c19]" test-instance-name="Confirmation Button (Back)" name="test" duration-ms="4117" started-at="2017-02-27T21:55:14Z" data-provider="dp" finished-at="2017-02-27T21:55:18Z">
          <params>
            <param index="0">
              <value>
                <![CDATA[Image (twitter)]]>
              </value>
            </param>
            <param index="1">
              <value>
                <![CDATA[index.php]]>
              </value>
            </param>
            <param index="2">
              <value>
                <![CDATA[id_img_twitter]]>
              </value>
            </param>
            <param index="3">
              <value>
                <![CDATA[(60, 60)]]>
              </value>
            </param>
            <param index="4">
              <value>
                <![CDATA[(622, 478)]]>
              </value>
            </param>
          </params>
          <reporter-output>
          </reporter-output>
        </test-method> <!-- test -->
        <test-method status="PASS" signature="am()[pri:0, instance:core.AppTestTest@6ea12c19]" test-instance-name="Confirmation Button (Back)" name="am" is-config="true" duration-ms="57" started-at="2017-02-27T21:55:18Z" finished-at="2017-02-27T21:55:18Z">
          <reporter-output>
          </reporter-output>
        </test-method> <!-- am -->
        <test-method status="PASS" signature="bm(java.lang.reflect.Method, [Ljava.lang.Object;)[pri:0, instance:core.AppTestTest@6ea12c19]" test-instance-name="Confirmation Button (Back)" name="bm" is-config="true" duration-ms="0" started-at="2017-02-27T21:55:18Z" finished-at="2017-02-27T21:55:18Z">
          <params>
            <param index="0">
              <value>
                <![CDATA[public void core.AppTestTest.test(java.lang.String,java.lang.String,java.lang.String,java.lang.String,java.lang.String)]]>
              </value>
            </param>
            <param index="1">
              <value>
                <![CDATA[[Ljava.lang.Object;@797b0699]]>
              </value>
            </param>
          </params>
          <reporter-output>
          </reporter-output>
        </test-method> <!-- bm -->
        <test-method status="PASS" signature="test(java.lang.String, java.lang.String, java.lang.String, java.lang.String, java.lang.String)[pri:0, instance:core.AppTestTest@6ea12c19]" test-instance-name="Confirmation Button (Back)" name="test" duration-ms="4636" started-at="2017-02-27T21:55:18Z" data-provider="dp" finished-at="2017-02-27T21:55:22Z">
          <params>
            <param index="0">
              <value>
                <![CDATA[Image (flickr)]]>
              </value>
            </param>
            <param index="1">
              <value>
                <![CDATA[index.php]]>
              </value>
            </param>
            <param index="2">
              <value>
                <![CDATA[id_img_flickr]]>
              </value>
            </param>
            <param index="3">
              <value>
                <![CDATA[(60, 60)]]>
              </value>
            </param>
            <param index="4">
              <value>
                <![CDATA[(691, 478)]]>
              </value>
            </param>
          </params>
          <reporter-output>
          </reporter-output>
        </test-method> <!-- test -->
        <test-method status="PASS" signature="am()[pri:0, instance:core.AppTestTest@6ea12c19]" test-instance-name="Confirmation Button (Back)" name="am" is-config="true" duration-ms="55" started-at="2017-02-27T21:55:22Z" finished-at="2017-02-27T21:55:22Z">
          <reporter-output>
          </reporter-output>
        </test-method> <!-- am -->
        <test-method status="PASS" signature="bm(java.lang.reflect.Method, [Ljava.lang.Object;)[pri:0, instance:core.AppTestTest@6ea12c19]" test-instance-name="Confirmation Button (Back)" name="bm" is-config="true" duration-ms="1" started-at="2017-02-27T21:55:22Z" finished-at="2017-02-27T21:55:22Z">
          <params>
            <param index="0">
              <value>
                <![CDATA[public void core.AppTestTest.test(java.lang.String,java.lang.String,java.lang.String,java.lang.String,java.lang.String)]]>
              </value>
            </param>
            <param index="1">
              <value>
                <![CDATA[[Ljava.lang.Object;@5a37d3ed]]>
              </value>
            </param>
          </params>
          <reporter-output>
          </reporter-output>
        </test-method> <!-- bm -->
        <test-method status="PASS" signature="test(java.lang.String, java.lang.String, java.lang.String, java.lang.String, java.lang.String)[pri:0, instance:core.AppTestTest@6ea12c19]" test-instance-name="Confirmation Button (Back)" name="test" duration-ms="4538" started-at="2017-02-27T21:55:22Z" data-provider="dp" finished-at="2017-02-27T21:55:27Z">
          <params>
            <param index="0">
              <value>
                <![CDATA[Image (youtube)]]>
              </value>
            </param>
            <param index="1">
              <value>
                <![CDATA[index.php]]>
              </value>
            </param>
            <param index="2">
              <value>
                <![CDATA[id_img_youtube]]>
              </value>
            </param>
            <param index="3">
              <value>
                <![CDATA[(60, 60)]]>
              </value>
            </param>
            <param index="4">
              <value>
                <![CDATA[(760, 478)]]>
              </value>
            </param>
          </params>
          <reporter-output>
          </reporter-output>
        </test-method> <!-- test -->
        <test-method status="PASS" signature="am()[pri:0, instance:core.AppTestTest@6ea12c19]" test-instance-name="Confirmation Button (Back)" name="am" is-config="true" duration-ms="62" started-at="2017-02-27T21:55:27Z" finished-at="2017-02-27T21:55:27Z">
          <reporter-output>
          </reporter-output>
        </test-method> <!-- am -->
        <test-method status="PASS" signature="bm(java.lang.reflect.Method, [Ljava.lang.Object;)[pri:0, instance:core.AppTestTest@6ea12c19]" test-instance-name="Confirmation Button (Back)" name="bm" is-config="true" duration-ms="0" started-at="2017-02-27T21:55:27Z" finished-at="2017-02-27T21:55:27Z">
          <params>
            <param index="0">
              <value>
                <![CDATA[public void core.AppTestTest.test(java.lang.String,java.lang.String,java.lang.String,java.lang.String,java.lang.String)]]>
              </value>
            </param>
            <param index="1">
              <value>
                <![CDATA[[Ljava.lang.Object;@26df6e3a]]>
              </value>
            </param>
          </params>
          <reporter-output>
          </reporter-output>
        </test-method> <!-- bm -->
        <test-method status="PASS" signature="test(java.lang.String, java.lang.String, java.lang.String, java.lang.String, java.lang.String)[pri:0, instance:core.AppTestTest@6ea12c19]" test-instance-name="Confirmation Button (Back)" name="test" duration-ms="4022" started-at="2017-02-27T21:55:27Z" data-provider="dp" finished-at="2017-02-27T21:55:31Z">
          <params>
            <param index="0">
              <value>
                <![CDATA[Button (Reset)]]>
              </value>
            </param>
            <param index="1">
              <value>
                <![CDATA[index.php]]>
              </value>
            </param>
            <param index="2">
              <value>
                <![CDATA[id_reset_button]]>
              </value>
            </param>
            <param index="3">
              <value>
                <![CDATA[(104, 37)]]>
              </value>
            </param>
            <param index="4">
              <value>
                <![CDATA[(991, 494)]]>
              </value>
            </param>
          </params>
          <reporter-output>
          </reporter-output>
        </test-method> <!-- test -->
        <test-method status="PASS" signature="am()[pri:0, instance:core.AppTestTest@6ea12c19]" test-instance-name="Confirmation Button (Back)" name="am" is-config="true" duration-ms="86" started-at="2017-02-27T21:55:31Z" finished-at="2017-02-27T21:55:31Z">
          <reporter-output>
          </reporter-output>
        </test-method> <!-- am -->
        <test-method status="PASS" signature="bm(java.lang.reflect.Method, [Ljava.lang.Object;)[pri:0, instance:core.AppTestTest@6ea12c19]" test-instance-name="Confirmation Button (Back)" name="bm" is-config="true" duration-ms="0" started-at="2017-02-27T21:55:31Z" finished-at="2017-02-27T21:55:31Z">
          <params>
            <param index="0">
              <value>
                <![CDATA[public void core.AppTestTest.test(java.lang.String,java.lang.String,java.lang.String,java.lang.String,java.lang.String)]]>
              </value>
            </param>
            <param index="1">
              <value>
                <![CDATA[[Ljava.lang.Object;@4a3631f8]]>
              </value>
            </param>
          </params>
          <reporter-output>
          </reporter-output>
        </test-method> <!-- bm -->
        <test-method status="PASS" signature="test(java.lang.String, java.lang.String, java.lang.String, java.lang.String, java.lang.String)[pri:0, instance:core.AppTestTest@6ea12c19]" test-instance-name="Confirmation Button (Back)" name="test" duration-ms="4555" started-at="2017-02-27T21:55:31Z" data-provider="dp" finished-at="2017-02-27T21:55:36Z">
          <params>
            <param index="0">
              <value>
                <![CDATA[Button (Submit)]]>
              </value>
            </param>
            <param index="1">
              <value>
                <![CDATA[index.php]]>
              </value>
            </param>
            <param index="2">
              <value>
                <![CDATA[id_submit_button]]>
              </value>
            </param>
            <param index="3">
              <value>
                <![CDATA[(118, 37)]]>
              </value>
            </param>
            <param index="4">
              <value>
                <![CDATA[(1246, 494)]]>
              </value>
            </param>
          </params>
          <reporter-output>
          </reporter-output>
        </test-method> <!-- test -->
        <test-method status="PASS" signature="am()[pri:0, instance:core.AppTestTest@6ea12c19]" test-instance-name="Confirmation Button (Back)" name="am" is-config="true" duration-ms="102" started-at="2017-02-27T21:55:36Z" finished-at="2017-02-27T21:55:36Z">
          <reporter-output>
          </reporter-output>
        </test-method> <!-- am -->
        <test-method status="PASS" signature="bm(java.lang.reflect.Method, [Ljava.lang.Object;)[pri:0, instance:core.AppTestTest@6ea12c19]" test-instance-name="Confirmation Button (Back)" name="bm" is-config="true" duration-ms="0" started-at="2017-02-27T21:55:36Z" finished-at="2017-02-27T21:55:36Z">
          <params>
            <param index="0">
              <value>
                <![CDATA[public void core.AppTestTest.test(java.lang.String,java.lang.String,java.lang.String,java.lang.String,java.lang.String)]]>
              </value>
            </param>
            <param index="1">
              <value>
                <![CDATA[[Ljava.lang.Object;@6b58b9e9]]>
              </value>
            </param>
          </params>
          <reporter-output>
          </reporter-output>
        </test-method> <!-- bm -->
        <test-method status="PASS" signature="test(java.lang.String, java.lang.String, java.lang.String, java.lang.String, java.lang.String)[pri:0, instance:core.AppTestTest@6ea12c19]" test-instance-name="Confirmation Button (Back)" name="test" duration-ms="5213" started-at="2017-02-27T21:55:36Z" data-provider="dp" finished-at="2017-02-27T21:55:41Z">
          <params>
            <param index="0">
              <value>
                <![CDATA[Dynamic text (today?s date)]]>
              </value>
            </param>
            <param index="1">
              <value>
                <![CDATA[index.php]]>
              </value>
            </param>
            <param index="2">
              <value>
                <![CDATA[timestamp]]>
              </value>
            </param>
            <param index="3">
              <value>
                <![CDATA[(290, 24)]]>
              </value>
            </param>
            <param index="4">
              <value>
                <![CDATA[(535, 551)]]>
              </value>
            </param>
          </params>
          <reporter-output>
          </reporter-output>
        </test-method> <!-- test -->
        <test-method status="PASS" signature="am()[pri:0, instance:core.AppTestTest@6ea12c19]" test-instance-name="Confirmation Button (Back)" name="am" is-config="true" duration-ms="64" started-at="2017-02-27T21:55:41Z" finished-at="2017-02-27T21:55:41Z">
          <reporter-output>
          </reporter-output>
        </test-method> <!-- am -->
        <test-method status="PASS" signature="test(java.lang.String, java.lang.String, java.lang.String, java.lang.String, java.lang.String)[pri:0, instance:core.AppTestTest@6ea12c19]" test-instance-name="Confirmation Button (Back)" name="test" duration-ms="5330" started-at="2017-02-27T21:55:41Z" data-provider="dp" finished-at="2017-02-27T21:55:46Z">
          <params>
            <param index="0">
              <value>
                <![CDATA[Dynamic text (copyright)]]>
              </value>
            </param>
            <param index="1">
              <value>
                <![CDATA[index.php]]>
              </value>
            </param>
            <param index="2">
              <value>
                <![CDATA[copyright]]>
              </value>
            </param>
            <param index="3">
              <value>
                <![CDATA[(250, 24)]]>
              </value>
            </param>
            <param index="4">
              <value>
                <![CDATA[(825, 551)]]>
              </value>
            </param>
          </params>
          <reporter-output>
          </reporter-output>
        </test-method> <!-- test -->
        <test-method status="PASS" signature="bm(java.lang.reflect.Method, [Ljava.lang.Object;)[pri:0, instance:core.AppTestTest@6ea12c19]" test-instance-name="Confirmation Button (Back)" name="bm" is-config="true" duration-ms="0" started-at="2017-02-27T21:55:41Z" finished-at="2017-02-27T21:55:41Z">
          <params>
            <param index="0">
              <value>
                <![CDATA[public void core.AppTestTest.test(java.lang.String,java.lang.String,java.lang.String,java.lang.String,java.lang.String)]]>
              </value>
            </param>
            <param index="1">
              <value>
                <![CDATA[[Ljava.lang.Object;@f14a7d4]]>
              </value>
            </param>
          </params>
          <reporter-output>
          </reporter-output>
        </test-method> <!-- bm -->
        <test-method status="PASS" signature="am()[pri:0, instance:core.AppTestTest@6ea12c19]" test-instance-name="Confirmation Button (Back)" name="am" is-config="true" duration-ms="87" started-at="2017-02-27T21:55:46Z" finished-at="2017-02-27T21:55:46Z">
          <reporter-output>
          </reporter-output>
        </test-method> <!-- am -->
        <test-method status="FAIL" signature="test(java.lang.String, java.lang.String, java.lang.String, java.lang.String, java.lang.String)[pri:0, instance:core.AppTestTest@6ea12c19]" test-instance-name="Confirmation Button (Back)" name="test" duration-ms="4781" started-at="2017-02-27T21:55:46Z" data-provider="dp" finished-at="2017-02-27T21:55:51Z">
          <params>
            <param index="0">
              <value>
                <![CDATA[Dynamic text (os & browser)]]>
              </value>
            </param>
            <param index="1">
              <value>
                <![CDATA[index.php]]>
              </value>
            </param>
            <param index="2">
              <value>
                <![CDATA[os_browser]]>
              </value>
            </param>
            <param index="3">
              <value>
                <![CDATA[(310, 24)]]>
              </value>
            </param>
            <param index="4">
              <value>
                <![CDATA[ (1075, 551)]]>
              </value>
            </param>
          </params>
          <exception class="java.lang.AssertionError">
            <message>
              <![CDATA[
Expected: " (1075, 551)"
     but: was "(1075, 551)"]]>
            </message>
            <full-stacktrace>
              <![CDATA[java.lang.AssertionError: 
Expected: " (1075, 551)"
     but: was "(1075, 551)"
	at org.hamcrest.MatcherAssert.assertThat(MatcherAssert.java:20)
	at org.hamcrest.MatcherAssert.assertThat(MatcherAssert.java:8)
	at core.AppTestTest.test(AppTestTest.java:69)
	at sun.reflect.GeneratedMethodAccessor3.invoke(Unknown Source)
	at sun.reflect.DelegatingMethodAccessorImpl.invoke(DelegatingMethodAccessorImpl.java:43)
	at java.lang.reflect.Method.invoke(Method.java:498)
	at org.testng.internal.MethodInvocationHelper.invokeMethod(MethodInvocationHelper.java:104)
	at org.testng.internal.Invoker.invokeMethod(Invoker.java:645)
	at org.testng.internal.Invoker.invokeTestMethod(Invoker.java:851)
	at org.testng.internal.Invoker.invokeTestMethods(Invoker.java:1177)
	at org.testng.internal.TestMethodWorker.invokeTestMethods(TestMethodWorker.java:129)
	at org.testng.internal.TestMethodWorker.run(TestMethodWorker.java:112)
	at org.testng.TestRunner.privateRun(TestRunner.java:756)
	at org.testng.TestRunner.run(TestRunner.java:610)
	at org.testng.SuiteRunner.runTest(SuiteRunner.java:387)
	at org.testng.SuiteRunner.runSequentially(SuiteRunner.java:382)
	at org.testng.SuiteRunner.privateRun(SuiteRunner.java:340)
	at org.testng.SuiteRunner.run(SuiteRunner.java:289)
	at org.testng.SuiteRunnerWorker.runSuite(SuiteRunnerWorker.java:52)
	at org.testng.SuiteRunnerWorker.run(SuiteRunnerWorker.java:86)
	at org.testng.TestNG.runSuitesSequentially(TestNG.java:1293)
	at org.testng.TestNG.runSuitesLocally(TestNG.java:1218)
	at org.testng.TestNG.runSuites(TestNG.java:1133)
	at org.testng.TestNG.run(TestNG.java:1104)
	at org.apache.maven.surefire.testng.TestNGExecutor.run(TestNGExecutor.java:77)
	at org.apache.maven.surefire.testng.TestNGDirectoryTestSuite.execute(TestNGDirectoryTestSuite.java:110)
	at org.apache.maven.surefire.testng.TestNGProvider.invoke(TestNGProvider.java:106)
	at sun.reflect.NativeMethodAccessorImpl.invoke0(Native Method)
	at sun.reflect.NativeMethodAccessorImpl.invoke(NativeMethodAccessorImpl.java:62)
	at sun.reflect.DelegatingMethodAccessorImpl.invoke(DelegatingMethodAccessorImpl.java:43)
	at java.lang.reflect.Method.invoke(Method.java:498)
	at org.apache.maven.surefire.util.ReflectionUtils.invokeMethodWithArray(ReflectionUtils.java:189)
	at org.apache.maven.surefire.booter.ProviderFactory$ProviderProxy.invoke(ProviderFactory.java:165)
	at org.apache.maven.surefire.booter.ProviderFactory.invokeProvider(ProviderFactory.java:85)
	at org.apache.maven.surefire.booter.ForkedBooter.runSuitesInProcess(ForkedBooter.java:115)
	at org.apache.maven.surefire.booter.ForkedBooter.main(ForkedBooter.java:75)
]]>
            </full-stacktrace>
          </exception> <!-- java.lang.AssertionError -->
          <reporter-output>
          </reporter-output>
        </test-method> <!-- test -->
        <test-method status="PASS" signature="bm(java.lang.reflect.Method, [Ljava.lang.Object;)[pri:0, instance:core.AppTestTest@6ea12c19]" test-instance-name="Confirmation Button (Back)" name="bm" is-config="true" duration-ms="0" started-at="2017-02-27T21:55:46Z" finished-at="2017-02-27T21:55:46Z">
          <params>
            <param index="0">
              <value>
                <![CDATA[public void core.AppTestTest.test(java.lang.String,java.lang.String,java.lang.String,java.lang.String,java.lang.String)]]>
              </value>
            </param>
            <param index="1">
              <value>
                <![CDATA[[Ljava.lang.Object;@52e7a6b2]]>
              </value>
            </param>
          </params>
          <reporter-output>
          </reporter-output>
        </test-method> <!-- bm -->
        <test-method status="PASS" signature="am()[pri:0, instance:core.AppTestTest@6ea12c19]" test-instance-name="Confirmation Button (Back)" name="am" is-config="true" duration-ms="53" started-at="2017-02-27T21:55:51Z" finished-at="2017-02-27T21:55:51Z">
          <reporter-output>
          </reporter-output>
        </test-method> <!-- am -->
        <test-method status="PASS" signature="bm(java.lang.reflect.Method, [Ljava.lang.Object;)[pri:0, instance:core.AppTestTest@6ea12c19]" test-instance-name="Confirmation Button (Back)" name="bm" is-config="true" duration-ms="0" started-at="2017-02-27T21:55:51Z" finished-at="2017-02-27T21:55:51Z">
          <params>
            <param index="0">
              <value>
                <![CDATA[public void core.AppTestTest.test(java.lang.String,java.lang.String,java.lang.String,java.lang.String,java.lang.String)]]>
              </value>
            </param>
            <param index="1">
              <value>
                <![CDATA[[Ljava.lang.Object;@29a5f4e7]]>
              </value>
            </param>
          </params>
          <reporter-output>
          </reporter-output>
        </test-method> <!-- bm -->
        <test-method status="PASS" signature="test(java.lang.String, java.lang.String, java.lang.String, java.lang.String, java.lang.String)[pri:0, instance:core.AppTestTest@6ea12c19]" test-instance-name="Confirmation Button (Back)" name="test" duration-ms="4818" started-at="2017-02-27T21:55:51Z" data-provider="dp" finished-at="2017-02-27T21:55:56Z">
          <params>
            <param index="0">
              <value>
                <![CDATA[Page title (Confirmation)]]>
              </value>
            </param>
            <param index="1">
              <value>
                <![CDATA[confirmation.php]]>
              </value>
            </param>
            <param index="2">
              <value>
                <![CDATA[id_f_title]]>
              </value>
            </param>
            <param index="3">
              <value>
                <![CDATA[(249, 44)]]>
              </value>
            </param>
            <param index="4">
              <value>
                <![CDATA[(560, 85)]]>
              </value>
            </param>
          </params>
          <reporter-output>
          </reporter-output>
        </test-method> <!-- test -->
        <test-method status="PASS" signature="am()[pri:0, instance:core.AppTestTest@6ea12c19]" test-instance-name="Confirmation Button (Back)" name="am" is-config="true" duration-ms="80" started-at="2017-02-27T21:55:56Z" finished-at="2017-02-27T21:55:56Z">
          <reporter-output>
          </reporter-output>
        </test-method> <!-- am -->
        <test-method status="PASS" signature="test(java.lang.String, java.lang.String, java.lang.String, java.lang.String, java.lang.String)[pri:0, instance:core.AppTestTest@6ea12c19]" test-instance-name="Confirmation Button (Back)" name="test" duration-ms="4428" started-at="2017-02-27T21:55:56Z" data-provider="dp" finished-at="2017-02-27T21:56:01Z">
          <params>
            <param index="0">
              <value>
                <![CDATA[Confirmation Label (first name)]]>
              </value>
            </param>
            <param index="1">
              <value>
                <![CDATA[confirmation.php]]>
              </value>
            </param>
            <param index="2">
              <value>
                <![CDATA[id_f_label_fn_conf]]>
              </value>
            </param>
            <param index="3">
              <value>
                <![CDATA[(104, 24)]]>
              </value>
            </param>
            <param index="4">
              <value>
                <![CDATA[(561, 154)]]>
              </value>
            </param>
          </params>
          <reporter-output>
          </reporter-output>
        </test-method> <!-- test -->
        <test-method status="PASS" signature="bm(java.lang.reflect.Method, [Ljava.lang.Object;)[pri:0, instance:core.AppTestTest@6ea12c19]" test-instance-name="Confirmation Button (Back)" name="bm" is-config="true" duration-ms="0" started-at="2017-02-27T21:55:56Z" finished-at="2017-02-27T21:55:56Z">
          <params>
            <param index="0">
              <value>
                <![CDATA[public void core.AppTestTest.test(java.lang.String,java.lang.String,java.lang.String,java.lang.String,java.lang.String)]]>
              </value>
            </param>
            <param index="1">
              <value>
                <![CDATA[[Ljava.lang.Object;@79c97cb]]>
              </value>
            </param>
          </params>
          <reporter-output>
          </reporter-output>
        </test-method> <!-- bm -->
        <test-method status="PASS" signature="am()[pri:0, instance:core.AppTestTest@6ea12c19]" test-instance-name="Confirmation Button (Back)" name="am" is-config="true" duration-ms="128" started-at="2017-02-27T21:56:01Z" finished-at="2017-02-27T21:56:01Z">
          <reporter-output>
          </reporter-output>
        </test-method> <!-- am -->
        <test-method status="PASS" signature="bm(java.lang.reflect.Method, [Ljava.lang.Object;)[pri:0, instance:core.AppTestTest@6ea12c19]" test-instance-name="Confirmation Button (Back)" name="bm" is-config="true" duration-ms="0" started-at="2017-02-27T21:56:01Z" finished-at="2017-02-27T21:56:01Z">
          <params>
            <param index="0">
              <value>
                <![CDATA[public void core.AppTestTest.test(java.lang.String,java.lang.String,java.lang.String,java.lang.String,java.lang.String)]]>
              </value>
            </param>
            <param index="1">
              <value>
                <![CDATA[[Ljava.lang.Object;@2d9caaeb]]>
              </value>
            </param>
          </params>
          <reporter-output>
          </reporter-output>
        </test-method> <!-- bm -->
        <test-method status="PASS" signature="test(java.lang.String, java.lang.String, java.lang.String, java.lang.String, java.lang.String)[pri:0, instance:core.AppTestTest@6ea12c19]" test-instance-name="Confirmation Button (Back)" name="test" duration-ms="5094" started-at="2017-02-27T21:56:01Z" data-provider="dp" finished-at="2017-02-27T21:56:06Z">
          <params>
            <param index="0">
              <value>
                <![CDATA[Confirmation Field (first name)]]>
              </value>
            </param>
            <param index="1">
              <value>
                <![CDATA[confirmation.php]]>
              </value>
            </param>
            <param index="2">
              <value>
                <![CDATA[id_fname_conf]]>
              </value>
            </param>
            <param index="3">
              <value>
                <![CDATA[(10, 42)]]>
              </value>
            </param>
            <param index="4">
              <value>
                <![CDATA[(561, 186)]]>
              </value>
            </param>
          </params>
          <reporter-output>
          </reporter-output>
        </test-method> <!-- test -->
        <test-method status="PASS" signature="am()[pri:0, instance:core.AppTestTest@6ea12c19]" test-instance-name="Confirmation Button (Back)" name="am" is-config="true" duration-ms="58" started-at="2017-02-27T21:56:06Z" finished-at="2017-02-27T21:56:06Z">
          <reporter-output>
          </reporter-output>
        </test-method> <!-- am -->
        <test-method status="PASS" signature="bm(java.lang.reflect.Method, [Ljava.lang.Object;)[pri:0, instance:core.AppTestTest@6ea12c19]" test-instance-name="Confirmation Button (Back)" name="bm" is-config="true" duration-ms="0" started-at="2017-02-27T21:56:06Z" finished-at="2017-02-27T21:56:06Z">
          <params>
            <param index="0">
              <value>
                <![CDATA[public void core.AppTestTest.test(java.lang.String,java.lang.String,java.lang.String,java.lang.String,java.lang.String)]]>
              </value>
            </param>
            <param index="1">
              <value>
                <![CDATA[[Ljava.lang.Object;@42a15bdc]]>
              </value>
            </param>
          </params>
          <reporter-output>
          </reporter-output>
        </test-method> <!-- bm -->
        <test-method status="PASS" signature="test(java.lang.String, java.lang.String, java.lang.String, java.lang.String, java.lang.String)[pri:0, instance:core.AppTestTest@6ea12c19]" test-instance-name="Confirmation Button (Back)" name="test" duration-ms="5056" started-at="2017-02-27T21:56:06Z" data-provider="dp" finished-at="2017-02-27T21:56:11Z">
          <params>
            <param index="0">
              <value>
                <![CDATA[Confirmation Label (last name)]]>
              </value>
            </param>
            <param index="1">
              <value>
                <![CDATA[confirmation.php]]>
              </value>
            </param>
            <param index="2">
              <value>
                <![CDATA[id_f_label_ln_conf]]>
              </value>
            </param>
            <param index="3">
              <value>
                <![CDATA[(103, 24)]]>
              </value>
            </param>
            <param index="4">
              <value>
                <![CDATA[(986, 154)]]>
              </value>
            </param>
          </params>
          <reporter-output>
          </reporter-output>
        </test-method> <!-- test -->
        <test-method status="PASS" signature="am()[pri:0, instance:core.AppTestTest@6ea12c19]" test-instance-name="Confirmation Button (Back)" name="am" is-config="true" duration-ms="61" started-at="2017-02-27T21:56:11Z" finished-at="2017-02-27T21:56:11Z">
          <reporter-output>
          </reporter-output>
        </test-method> <!-- am -->
        <test-method status="PASS" signature="bm(java.lang.reflect.Method, [Ljava.lang.Object;)[pri:0, instance:core.AppTestTest@6ea12c19]" test-instance-name="Confirmation Button (Back)" name="bm" is-config="true" duration-ms="0" started-at="2017-02-27T21:56:11Z" finished-at="2017-02-27T21:56:11Z">
          <params>
            <param index="0">
              <value>
                <![CDATA[public void core.AppTestTest.test(java.lang.String,java.lang.String,java.lang.String,java.lang.String,java.lang.String)]]>
              </value>
            </param>
            <param index="1">
              <value>
                <![CDATA[[Ljava.lang.Object;@44a59da3]]>
              </value>
            </param>
          </params>
          <reporter-output>
          </reporter-output>
        </test-method> <!-- bm -->
        <test-method status="PASS" signature="test(java.lang.String, java.lang.String, java.lang.String, java.lang.String, java.lang.String)[pri:0, instance:core.AppTestTest@6ea12c19]" test-instance-name="Confirmation Button (Back)" name="test" duration-ms="4236" started-at="2017-02-27T21:56:11Z" data-provider="dp" finished-at="2017-02-27T21:56:15Z">
          <params>
            <param index="0">
              <value>
                <![CDATA[Confirmation Field (last name)]]>
              </value>
            </param>
            <param index="1">
              <value>
                <![CDATA[confirmation.php]]>
              </value>
            </param>
            <param index="2">
              <value>
                <![CDATA[id_lname_conf]]>
              </value>
            </param>
            <param index="3">
              <value>
                <![CDATA[(10, 42)]]>
              </value>
            </param>
            <param index="4">
              <value>
                <![CDATA[(986, 186)]]>
              </value>
            </param>
          </params>
          <reporter-output>
          </reporter-output>
        </test-method> <!-- test -->
        <test-method status="PASS" signature="am()[pri:0, instance:core.AppTestTest@6ea12c19]" test-instance-name="Confirmation Button (Back)" name="am" is-config="true" duration-ms="58" started-at="2017-02-27T21:56:15Z" finished-at="2017-02-27T21:56:15Z">
          <reporter-output>
          </reporter-output>
        </test-method> <!-- am -->
        <test-method status="PASS" signature="test(java.lang.String, java.lang.String, java.lang.String, java.lang.String, java.lang.String)[pri:0, instance:core.AppTestTest@6ea12c19]" test-instance-name="Confirmation Button (Back)" name="test" duration-ms="4373" started-at="2017-02-27T21:56:15Z" data-provider="dp" finished-at="2017-02-27T21:56:20Z">
          <params>
            <param index="0">
              <value>
                <![CDATA[Confirmation Label (email address)]]>
              </value>
            </param>
            <param index="1">
              <value>
                <![CDATA[confirmation.php]]>
              </value>
            </param>
            <param index="2">
              <value>
                <![CDATA[id_f_label_email_conf]]>
              </value>
            </param>
            <param index="3">
              <value>
                <![CDATA[(138, 24)]]>
              </value>
            </param>
            <param index="4">
              <value>
                <![CDATA[(561, 234)]]>
              </value>
            </param>
          </params>
          <reporter-output>
          </reporter-output>
        </test-method> <!-- test -->
        <test-method status="PASS" signature="bm(java.lang.reflect.Method, [Ljava.lang.Object;)[pri:0, instance:core.AppTestTest@6ea12c19]" test-instance-name="Confirmation Button (Back)" name="bm" is-config="true" duration-ms="0" started-at="2017-02-27T21:56:15Z" finished-at="2017-02-27T21:56:15Z">
          <params>
            <param index="0">
              <value>
                <![CDATA[public void core.AppTestTest.test(java.lang.String,java.lang.String,java.lang.String,java.lang.String,java.lang.String)]]>
              </value>
            </param>
            <param index="1">
              <value>
                <![CDATA[[Ljava.lang.Object;@27e47833]]>
              </value>
            </param>
          </params>
          <reporter-output>
          </reporter-output>
        </test-method> <!-- bm -->
        <test-method status="PASS" signature="am()[pri:0, instance:core.AppTestTest@6ea12c19]" test-instance-name="Confirmation Button (Back)" name="am" is-config="true" duration-ms="85" started-at="2017-02-27T21:56:20Z" finished-at="2017-02-27T21:56:20Z">
          <reporter-output>
          </reporter-output>
        </test-method> <!-- am -->
        <test-method status="PASS" signature="test(java.lang.String, java.lang.String, java.lang.String, java.lang.String, java.lang.String)[pri:0, instance:core.AppTestTest@6ea12c19]" test-instance-name="Confirmation Button (Back)" name="test" duration-ms="4446" started-at="2017-02-27T21:56:20Z" data-provider="dp" finished-at="2017-02-27T21:56:24Z">
          <params>
            <param index="0">
              <value>
                <![CDATA[Confirmation Field (email address)]]>
              </value>
            </param>
            <param index="1">
              <value>
                <![CDATA[confirmation.php]]>
              </value>
            </param>
            <param index="2">
              <value>
                <![CDATA[id_email_conf]]>
              </value>
            </param>
            <param index="3">
              <value>
                <![CDATA[(10, 42)]]>
              </value>
            </param>
            <param index="4">
              <value>
                <![CDATA[(561, 266)]]>
              </value>
            </param>
          </params>
          <reporter-output>
          </reporter-output>
        </test-method> <!-- test -->
        <test-method status="PASS" signature="bm(java.lang.reflect.Method, [Ljava.lang.Object;)[pri:0, instance:core.AppTestTest@6ea12c19]" test-instance-name="Confirmation Button (Back)" name="bm" is-config="true" duration-ms="0" started-at="2017-02-27T21:56:20Z" finished-at="2017-02-27T21:56:20Z">
          <params>
            <param index="0">
              <value>
                <![CDATA[public void core.AppTestTest.test(java.lang.String,java.lang.String,java.lang.String,java.lang.String,java.lang.String)]]>
              </value>
            </param>
            <param index="1">
              <value>
                <![CDATA[[Ljava.lang.Object;@6f6745d6]]>
              </value>
            </param>
          </params>
          <reporter-output>
          </reporter-output>
        </test-method> <!-- bm -->
        <test-method status="PASS" signature="am()[pri:0, instance:core.AppTestTest@6ea12c19]" test-instance-name="Confirmation Button (Back)" name="am" is-config="true" duration-ms="73" started-at="2017-02-27T21:56:24Z" finished-at="2017-02-27T21:56:24Z">
          <reporter-output>
          </reporter-output>
        </test-method> <!-- am -->
        <test-method status="PASS" signature="bm(java.lang.reflect.Method, [Ljava.lang.Object;)[pri:0, instance:core.AppTestTest@6ea12c19]" test-instance-name="Confirmation Button (Back)" name="bm" is-config="true" duration-ms="0" started-at="2017-02-27T21:56:24Z" finished-at="2017-02-27T21:56:24Z">
          <params>
            <param index="0">
              <value>
                <![CDATA[public void core.AppTestTest.test(java.lang.String,java.lang.String,java.lang.String,java.lang.String,java.lang.String)]]>
              </value>
            </param>
            <param index="1">
              <value>
                <![CDATA[[Ljava.lang.Object;@27508c5d]]>
              </value>
            </param>
          </params>
          <reporter-output>
          </reporter-output>
        </test-method> <!-- bm -->
        <test-method status="PASS" signature="test(java.lang.String, java.lang.String, java.lang.String, java.lang.String, java.lang.String)[pri:0, instance:core.AppTestTest@6ea12c19]" test-instance-name="Confirmation Button (Back)" name="test" duration-ms="4491" started-at="2017-02-27T21:56:24Z" data-provider="dp" finished-at="2017-02-27T21:56:29Z">
          <params>
            <param index="0">
              <value>
                <![CDATA[Confirmation Label (phone number)]]>
              </value>
            </param>
            <param index="1">
              <value>
                <![CDATA[confirmation.php]]>
              </value>
            </param>
            <param index="2">
              <value>
                <![CDATA[id_f_label_phone_conf]]>
              </value>
            </param>
            <param index="3">
              <value>
                <![CDATA[(143, 24)]]>
              </value>
            </param>
            <param index="4">
              <value>
                <![CDATA[(986, 234)]]>
              </value>
            </param>
          </params>
          <reporter-output>
          </reporter-output>
        </test-method> <!-- test -->
        <test-method status="PASS" signature="am()[pri:0, instance:core.AppTestTest@6ea12c19]" test-instance-name="Confirmation Button (Back)" name="am" is-config="true" duration-ms="71" started-at="2017-02-27T21:56:29Z" finished-at="2017-02-27T21:56:29Z">
          <reporter-output>
          </reporter-output>
        </test-method> <!-- am -->
        <test-method status="PASS" signature="test(java.lang.String, java.lang.String, java.lang.String, java.lang.String, java.lang.String)[pri:0, instance:core.AppTestTest@6ea12c19]" test-instance-name="Confirmation Button (Back)" name="test" duration-ms="4318" started-at="2017-02-27T21:56:29Z" data-provider="dp" finished-at="2017-02-27T21:56:33Z">
          <params>
            <param index="0">
              <value>
                <![CDATA[Confirmation Field (phone number)]]>
              </value>
            </param>
            <param index="1">
              <value>
                <![CDATA[confirmation.php]]>
              </value>
            </param>
            <param index="2">
              <value>
                <![CDATA[id_phone_conf]]>
              </value>
            </param>
            <param index="3">
              <value>
                <![CDATA[(10, 42)]]>
              </value>
            </param>
            <param index="4">
              <value>
                <![CDATA[(986, 266)]]>
              </value>
            </param>
          </params>
          <reporter-output>
          </reporter-output>
        </test-method> <!-- test -->
        <test-method status="PASS" signature="bm(java.lang.reflect.Method, [Ljava.lang.Object;)[pri:0, instance:core.AppTestTest@6ea12c19]" test-instance-name="Confirmation Button (Back)" name="bm" is-config="true" duration-ms="0" started-at="2017-02-27T21:56:29Z" finished-at="2017-02-27T21:56:29Z">
          <params>
            <param index="0">
              <value>
                <![CDATA[public void core.AppTestTest.test(java.lang.String,java.lang.String,java.lang.String,java.lang.String,java.lang.String)]]>
              </value>
            </param>
            <param index="1">
              <value>
                <![CDATA[[Ljava.lang.Object;@4f704591]]>
              </value>
            </param>
          </params>
          <reporter-output>
          </reporter-output>
        </test-method> <!-- bm -->
        <test-method status="PASS" signature="am()[pri:0, instance:core.AppTestTest@6ea12c19]" test-instance-name="Confirmation Button (Back)" name="am" is-config="true" duration-ms="58" started-at="2017-02-27T21:56:33Z" finished-at="2017-02-27T21:56:33Z">
          <reporter-output>
          </reporter-output>
        </test-method> <!-- am -->
        <test-method status="PASS" signature="bm(java.lang.reflect.Method, [Ljava.lang.Object;)[pri:0, instance:core.AppTestTest@6ea12c19]" test-instance-name="Confirmation Button (Back)" name="bm" is-config="true" duration-ms="0" started-at="2017-02-27T21:56:33Z" finished-at="2017-02-27T21:56:33Z">
          <params>
            <param index="0">
              <value>
                <![CDATA[public void core.AppTestTest.test(java.lang.String,java.lang.String,java.lang.String,java.lang.String,java.lang.String)]]>
              </value>
            </param>
            <param index="1">
              <value>
                <![CDATA[[Ljava.lang.Object;@4b5189ac]]>
              </value>
            </param>
          </params>
          <reporter-output>
          </reporter-output>
        </test-method> <!-- bm -->
        <test-method status="PASS" signature="test(java.lang.String, java.lang.String, java.lang.String, java.lang.String, java.lang.String)[pri:0, instance:core.AppTestTest@6ea12c19]" test-instance-name="Confirmation Button (Back)" name="test" duration-ms="4242" started-at="2017-02-27T21:56:33Z" data-provider="dp" finished-at="2017-02-27T21:56:37Z">
          <params>
            <param index="0">
              <value>
                <![CDATA[Confirmation Label (gender)]]>
              </value>
            </param>
            <param index="1">
              <value>
                <![CDATA[confirmation.php]]>
              </value>
            </param>
            <param index="2">
              <value>
                <![CDATA[id_f_label_gender_conf]]>
              </value>
            </param>
            <param index="3">
              <value>
                <![CDATA[(71, 24)]]>
              </value>
            </param>
            <param index="4">
              <value>
                <![CDATA[(561, 314)]]>
              </value>
            </param>
          </params>
          <reporter-output>
          </reporter-output>
        </test-method> <!-- test -->
        <test-method status="PASS" signature="am()[pri:0, instance:core.AppTestTest@6ea12c19]" test-instance-name="Confirmation Button (Back)" name="am" is-config="true" duration-ms="180" started-at="2017-02-27T21:56:37Z" finished-at="2017-02-27T21:56:38Z">
          <reporter-output>
          </reporter-output>
        </test-method> <!-- am -->
        <test-method status="PASS" signature="test(java.lang.String, java.lang.String, java.lang.String, java.lang.String, java.lang.String)[pri:0, instance:core.AppTestTest@6ea12c19]" test-instance-name="Confirmation Button (Back)" name="test" duration-ms="3891" started-at="2017-02-27T21:56:38Z" data-provider="dp" finished-at="2017-02-27T21:56:42Z">
          <params>
            <param index="0">
              <value>
                <![CDATA[Confirmation Field (gender)]]>
              </value>
            </param>
            <param index="1">
              <value>
                <![CDATA[confirmation.php]]>
              </value>
            </param>
            <param index="2">
              <value>
                <![CDATA[id_gender_conf]]>
              </value>
            </param>
            <param index="3">
              <value>
                <![CDATA[(10, 42)]]>
              </value>
            </param>
            <param index="4">
              <value>
                <![CDATA[(561, 346)]]>
              </value>
            </param>
          </params>
          <reporter-output>
          </reporter-output>
        </test-method> <!-- test -->
        <test-method status="PASS" signature="bm(java.lang.reflect.Method, [Ljava.lang.Object;)[pri:0, instance:core.AppTestTest@6ea12c19]" test-instance-name="Confirmation Button (Back)" name="bm" is-config="true" duration-ms="0" started-at="2017-02-27T21:56:38Z" finished-at="2017-02-27T21:56:38Z">
          <params>
            <param index="0">
              <value>
                <![CDATA[public void core.AppTestTest.test(java.lang.String,java.lang.String,java.lang.String,java.lang.String,java.lang.String)]]>
              </value>
            </param>
            <param index="1">
              <value>
                <![CDATA[[Ljava.lang.Object;@1e4d3ce5]]>
              </value>
            </param>
          </params>
          <reporter-output>
          </reporter-output>
        </test-method> <!-- bm -->
        <test-method status="PASS" signature="am()[pri:0, instance:core.AppTestTest@6ea12c19]" test-instance-name="Confirmation Button (Back)" name="am" is-config="true" duration-ms="56" started-at="2017-02-27T21:56:42Z" finished-at="2017-02-27T21:56:42Z">
          <reporter-output>
          </reporter-output>
        </test-method> <!-- am -->
        <test-method status="PASS" signature="test(java.lang.String, java.lang.String, java.lang.String, java.lang.String, java.lang.String)[pri:0, instance:core.AppTestTest@6ea12c19]" test-instance-name="Confirmation Button (Back)" name="test" duration-ms="3857" started-at="2017-02-27T21:56:42Z" data-provider="dp" finished-at="2017-02-27T21:56:45Z">
          <params>
            <param index="0">
              <value>
                <![CDATA[Confirmation Label (state)]]>
              </value>
            </param>
            <param index="1">
              <value>
                <![CDATA[confirmation.php]]>
              </value>
            </param>
            <param index="2">
              <value>
                <![CDATA[id_f_label_state_conf]]>
              </value>
            </param>
            <param index="3">
              <value>
                <![CDATA[(50, 24)]]>
              </value>
            </param>
            <param index="4">
              <value>
                <![CDATA[(986, 314)]]>
              </value>
            </param>
          </params>
          <reporter-output>
          </reporter-output>
        </test-method> <!-- test -->
        <test-method status="PASS" signature="bm(java.lang.reflect.Method, [Ljava.lang.Object;)[pri:0, instance:core.AppTestTest@6ea12c19]" test-instance-name="Confirmation Button (Back)" name="bm" is-config="true" duration-ms="0" started-at="2017-02-27T21:56:42Z" finished-at="2017-02-27T21:56:42Z">
          <params>
            <param index="0">
              <value>
                <![CDATA[public void core.AppTestTest.test(java.lang.String,java.lang.String,java.lang.String,java.lang.String,java.lang.String)]]>
              </value>
            </param>
            <param index="1">
              <value>
                <![CDATA[[Ljava.lang.Object;@3ddc6915]]>
              </value>
            </param>
          </params>
          <reporter-output>
          </reporter-output>
        </test-method> <!-- bm -->
        <test-method status="PASS" signature="am()[pri:0, instance:core.AppTestTest@6ea12c19]" test-instance-name="Confirmation Button (Back)" name="am" is-config="true" duration-ms="62" started-at="2017-02-27T21:56:45Z" finished-at="2017-02-27T21:56:46Z">
          <reporter-output>
          </reporter-output>
        </test-method> <!-- am -->
        <test-method status="PASS" signature="bm(java.lang.reflect.Method, [Ljava.lang.Object;)[pri:0, instance:core.AppTestTest@6ea12c19]" test-instance-name="Confirmation Button (Back)" name="bm" is-config="true" duration-ms="0" started-at="2017-02-27T21:56:46Z" finished-at="2017-02-27T21:56:46Z">
          <params>
            <param index="0">
              <value>
                <![CDATA[public void core.AppTestTest.test(java.lang.String,java.lang.String,java.lang.String,java.lang.String,java.lang.String)]]>
              </value>
            </param>
            <param index="1">
              <value>
                <![CDATA[[Ljava.lang.Object;@704deff2]]>
              </value>
            </param>
          </params>
          <reporter-output>
          </reporter-output>
        </test-method> <!-- bm -->
        <test-method status="PASS" signature="test(java.lang.String, java.lang.String, java.lang.String, java.lang.String, java.lang.String)[pri:0, instance:core.AppTestTest@6ea12c19]" test-instance-name="Confirmation Button (Back)" name="test" duration-ms="4352" started-at="2017-02-27T21:56:46Z" data-provider="dp" finished-at="2017-02-27T21:56:50Z">
          <params>
            <param index="0">
              <value>
                <![CDATA[Confirmation Field (state)]]>
              </value>
            </param>
            <param index="1">
              <value>
                <![CDATA[confirmation.php]]>
              </value>
            </param>
            <param index="2">
              <value>
                <![CDATA[id_state_conf]]>
              </value>
            </param>
            <param index="3">
              <value>
                <![CDATA[(10, 42)]]>
              </value>
            </param>
            <param index="4">
              <value>
                <![CDATA[(986, 346)]]>
              </value>
            </param>
          </params>
          <reporter-output>
          </reporter-output>
        </test-method> <!-- test -->
        <test-method status="PASS" signature="am()[pri:0, instance:core.AppTestTest@6ea12c19]" test-instance-name="Confirmation Button (Back)" name="am" is-config="true" duration-ms="186" started-at="2017-02-27T21:56:50Z" finished-at="2017-02-27T21:56:50Z">
          <reporter-output>
          </reporter-output>
        </test-method> <!-- am -->
        <test-method status="PASS" signature="bm(java.lang.reflect.Method, [Ljava.lang.Object;)[pri:0, instance:core.AppTestTest@6ea12c19]" test-instance-name="Confirmation Button (Back)" name="bm" is-config="true" duration-ms="0" started-at="2017-02-27T21:56:50Z" finished-at="2017-02-27T21:56:50Z">
          <params>
            <param index="0">
              <value>
                <![CDATA[public void core.AppTestTest.test(java.lang.String,java.lang.String,java.lang.String,java.lang.String,java.lang.String)]]>
              </value>
            </param>
            <param index="1">
              <value>
                <![CDATA[[Ljava.lang.Object;@379614be]]>
              </value>
            </param>
          </params>
          <reporter-output>
          </reporter-output>
        </test-method> <!-- bm -->
        <test-method status="PASS" signature="test(java.lang.String, java.lang.String, java.lang.String, java.lang.String, java.lang.String)[pri:0, instance:core.AppTestTest@6ea12c19]" test-instance-name="Confirmation Button (Back)" name="test" duration-ms="4579" started-at="2017-02-27T21:56:50Z" data-provider="dp" finished-at="2017-02-27T21:56:55Z">
          <params>
            <param index="0">
              <value>
                <![CDATA[Confirmation Label (Terms?)]]>
              </value>
            </param>
            <param index="1">
              <value>
                <![CDATA[confirmation.php]]>
              </value>
            </param>
            <param index="2">
              <value>
                <![CDATA[id_f_label_terms_conf]]>
              </value>
            </param>
            <param index="3">
              <value>
                <![CDATA[(70, 24)]]>
              </value>
            </param>
            <param index="4">
              <value>
                <![CDATA[(561, 394)]]>
              </value>
            </param>
          </params>
          <reporter-output>
          </reporter-output>
        </test-method> <!-- test -->
        <test-method status="PASS" signature="am()[pri:0, instance:core.AppTestTest@6ea12c19]" test-instance-name="Confirmation Button (Back)" name="am" is-config="true" duration-ms="90" started-at="2017-02-27T21:56:55Z" finished-at="2017-02-27T21:56:55Z">
          <reporter-output>
          </reporter-output>
        </test-method> <!-- am -->
        <test-method status="PASS" signature="test(java.lang.String, java.lang.String, java.lang.String, java.lang.String, java.lang.String)[pri:0, instance:core.AppTestTest@6ea12c19]" test-instance-name="Confirmation Button (Back)" name="test" duration-ms="4058" started-at="2017-02-27T21:56:55Z" data-provider="dp" finished-at="2017-02-27T21:56:59Z">
          <params>
            <param index="0">
              <value>
                <![CDATA[Confirmation Field (terms)]]>
              </value>
            </param>
            <param index="1">
              <value>
                <![CDATA[confirmation.php]]>
              </value>
            </param>
            <param index="2">
              <value>
                <![CDATA[id_terms_conf]]>
              </value>
            </param>
            <param index="3">
              <value>
                <![CDATA[(10, 42)]]>
              </value>
            </param>
            <param index="4">
              <value>
                <![CDATA[(561, 426)]]>
              </value>
            </param>
          </params>
          <reporter-output>
          </reporter-output>
        </test-method> <!-- test -->
        <test-method status="PASS" signature="bm(java.lang.reflect.Method, [Ljava.lang.Object;)[pri:0, instance:core.AppTestTest@6ea12c19]" test-instance-name="Confirmation Button (Back)" name="bm" is-config="true" duration-ms="0" started-at="2017-02-27T21:56:55Z" finished-at="2017-02-27T21:56:55Z">
          <params>
            <param index="0">
              <value>
                <![CDATA[public void core.AppTestTest.test(java.lang.String,java.lang.String,java.lang.String,java.lang.String,java.lang.String)]]>
              </value>
            </param>
            <param index="1">
              <value>
                <![CDATA[[Ljava.lang.Object;@404bbcbd]]>
              </value>
            </param>
          </params>
          <reporter-output>
          </reporter-output>
        </test-method> <!-- bm -->
        <test-method status="PASS" signature="am()[pri:0, instance:core.AppTestTest@6ea12c19]" test-instance-name="Confirmation Button (Back)" name="am" is-config="true" duration-ms="54" started-at="2017-02-27T21:56:59Z" finished-at="2017-02-27T21:56:59Z">
          <reporter-output>
          </reporter-output>
        </test-method> <!-- am -->
        <test-method status="PASS" signature="test(java.lang.String, java.lang.String, java.lang.String, java.lang.String, java.lang.String)[pri:0, instance:core.AppTestTest@6ea12c19]" test-instance-name="Confirmation Button (Back)" name="test" duration-ms="4315" started-at="2017-02-27T21:56:59Z" data-provider="dp" finished-at="2017-02-27T21:57:03Z">
          <params>
            <param index="0">
              <value>
                <![CDATA[Confirmation Button (Back)]]>
              </value>
            </param>
            <param index="1">
              <value>
                <![CDATA[confirmation.php]]>
              </value>
            </param>
            <param index="2">
              <value>
                <![CDATA[id_back_button]]>
              </value>
            </param>
            <param index="3">
              <value>
                <![CDATA[(120, 37)]]>
              </value>
            </param>
            <param index="4">
              <value>
                <![CDATA[(986, 492)]]>
              </value>
            </param>
          </params>
          <reporter-output>
          </reporter-output>
        </test-method> <!-- test -->
        <test-method status="PASS" signature="bm(java.lang.reflect.Method, [Ljava.lang.Object;)[pri:0, instance:core.AppTestTest@6ea12c19]" test-instance-name="Confirmation Button (Back)" name="bm" is-config="true" duration-ms="0" started-at="2017-02-27T21:56:59Z" finished-at="2017-02-27T21:56:59Z">
          <params>
            <param index="0">
              <value>
                <![CDATA[public void core.AppTestTest.test(java.lang.String,java.lang.String,java.lang.String,java.lang.String,java.lang.String)]]>
              </value>
            </param>
            <param index="1">
              <value>
                <![CDATA[[Ljava.lang.Object;@1e81f160]]>
              </value>
            </param>
          </params>
          <reporter-output>
          </reporter-output>
        </test-method> <!-- bm -->
        <test-method status="PASS" signature="am()[pri:0, instance:core.AppTestTest@6ea12c19]" test-instance-name="Confirmation Button (Back)" name="am" is-config="true" duration-ms="60" started-at="2017-02-27T21:57:03Z" finished-at="2017-02-27T21:57:03Z">
          <reporter-output>
          </reporter-output>
        </test-method> <!-- am -->
      </class> <!-- core.AppTestTest -->
    </test> <!-- Command line test -->
  </suite> <!-- core.AppTestTest -->
</testng-results>
